 -1.00000000E+00 -5.27752345E-17 -3.39799845E-14 -2.85203513E-11
 -9.98665777E-01  8.72132736E-17 -4.68897343E-15 -4.93782975E-12
 -9.97331554E-01  1.20728826E-16  1.05564381E-14  7.05119572E-12
 -9.95997332E-01 -4.14079412E-17  1.45136439E-14  1.13253911E-11
 -9.94663109E-01 -5.14288358E-17  1.45710369E-14  1.10440874E-11
 -9.93328886E-01  4.63294529E-17  1.32190589E-14  8.18859729E-12
 -9.91994663E-01 -4.94598257E-17  5.32682487E-15  4.10965523E-12
 -9.90660440E-01  8.40289705E-17  1.52609042E-15  2.29095895E-14
 -9.89326217E-01  1.22949957E-16 -3.22470881E-15 -3.42854509E-12
 -9.87991995E-01  9.97602803E-17 -4.44738897E-15 -6.05771715E-12
 -9.86657772E-01 -9.10171172E-17 -1.17227811E-14 -7.88711714E-12
 -9.85323549E-01 -6.43823036E-17 -9.80682044E-15 -8.54422654E-12
 -9.83989326E-01 -3.46470043E-17 -9.64035765E-15 -8.33338226E-12
 -9.82655103E-01  2.69856405E-17 -7.62607479E-15 -7.46956509E-12
 -9.81320881E-01 -2.86192627E-17 -5.90958477E-15 -6.04661266E-12
 -9.79986658E-01 -7.15295574E-17 -4.58498452E-15 -4.25426616E-12
 -9.78652435E-01 -3.59239905E-18 -3.16985390E-15 -2.30377853E-12
 -9.77318212E-01  6.90417166E-17  2.54396698E-16 -2.90936665E-13
 -9.75983989E-01 -2.39130316E-17  2.82751564E-15  1.66009776E-12
 -9.74649767E-01  1.02076842E-16  5.80448282E-15  3.41000976E-12
 -9.73315544E-01 -1.64759967E-17  7.28762345E-15  4.85411210E-12
 -9.71981321E-01  9.40273364E-17  8.15139313E-15  5.94017403E-12
 -9.70647098E-01  6.51798214E-18  9.79420054E-15  6.75293914E-12
 -9.69312875E-01  1.13152949E-16  9.17708929E-15  7.13308274E-12
 -9.67978652E-01  4.57906563E-17  9.87975717E-15  7.22570737E-12
 -9.66644430E-01 -5.76764049E-17  8.80086632E-15  6.96926080E-12
 -9.65310207E-01  1.37613792E-17  7.66046797E-15  6.36902596E-12
 -9.63975984E-01 -5.35381016E-17  7.66205471E-15  5.60167071E-12
 -9.62641761E-01 -1.88816638E-17  5.15462573E-15  4.62413096E-12
 -9.61307538E-01  7.85264970E-17  4.80528374E-15  3.46437542E-12
 -9.59973316E-01  5.21596946E-17  2.07303916E-15  2.18382431E-12
 -9.58639093E-01  5.10771974E-17  1.15489889E-15  9.20497094E-13
 -9.57304870E-01 -1.21141259E-16 -1.77694398E-15 -3.20820771E-13
 -9.55970647E-01 -6.78780997E-17 -1.79491794E-15 -1.52080993E-12
 -9.54636424E-01 -1.28814208E-17 -4.18336987E-15 -2.72615938E-12
 -9.53302201E-01 -7.87587356E-17 -5.78218074E-15 -3.73452766E-12
 -9.51967979E-01 -1.22591713E-16 -7.29143675E-15 -4.58916086E-12
 -9.50633756E-01  1.29609102E-17 -7.11820467E-15 -5.30288125E-12
 -9.49299533E-01  2.05747785E-17 -8.37567578E-15 -5.87561046E-12
 -9.47965310E-01  3.32068566E-18 -9.01950810E-15 -6.24110103E-12
 -9.46631087E-01 -6.54960003E-17 -9.77484096E-15 -6.39258097E-12
 -9.45296865E-01 -3.73519988E-17 -1.01580845E-14 -6.49182053E-12
 -9.43962642E-01  3.73824201E-18 -8.89400386E-15 -6.21590540E-12
 -9.42628419E-01 -1.69810729E-17 -8.49689926E-15 -5.88858458E-12
 -9.41294196E-01 -2.93857005E-17 -9.47383988E-15 -5.46109346E-12
 -9.39959973E-01 -3.03764348E-17 -6.03612683E-15 -4.77693580E-12
 -9.38625751E-01 -9.42566541E-17 -7.40759197E-15 -4.17737260E-12
 -9.37291528E-01 -7.58558410E-17 -4.97840388E-15 -3.31934362E-12
 -9.35957305E-01 -8.13182207E-18 -5.85701395E-15 -2.56713260E-12
 -9.34623082E-01 -7.75110804E-18 -3.96651471E-15 -1.64042509E-12
 -9.33288859E-01 -2.11076665E-17 -1.92866668E-15 -6.77003701E-13
 -9.31954636E-01 -7.36777452E-17 -1.96594337E-15  1.88640436E-13
 -9.30620414E-01 -1.84664512E-17  6.46006390E-16  1.13502636E-12
 -9.29286191E-01 -3.77803364E-17  5.11460219E-16  1.88328831E-12
 -9.27951968E-01  3.49008786E-17  1.41254887E-15  2.66773283E-12
 -9.26617745E-01 -2.08772751E-17  2.56487783E-15  3.36755859E-12
 -9.25283522E-01 -3.85854411E-18  3.73341454E-15  4.02306518E-12
 -9.23949300E-01  3.12479369E-17  6.51954456E-15  4.63676358E-12
 -9.22615077E-01 -9.96202994E-17  5.32876787E-15  5.03605207E-12
 -9.21280854E-01 -6.06160730E-17  5.24423321E-15  5.31394048E-12
 -9.19946631E-01  1.47579575E-17  6.37089678E-15  5.56253423E-12
 -9.18612408E-01  3.98588311E-17  6.01082468E-15  5.66882140E-12
 -9.17278185E-01 -6.03111311E-17  6.09024030E-15  5.65265867E-12
 -9.15943963E-01 -1.85332079E-17  5.70868288E-15  5.57043387E-12
 -9.14609740E-01 -6.97072363E-17  4.31222281E-15  5.36605449E-12
 -9.13275517E-01  3.00031481E-17  5.93826746E-15  5.14078062E-12
 -9.11941294E-01 -6.97268542E-17  3.98497945E-15  4.69023488E-12
 -9.10607071E-01 -6.29342342E-17  4.20071716E-15  4.25634008E-12
 -9.09272849E-01 -5.24470164E-17  3.23803054E-15  3.72977053E-12
 -9.07938626E-01 -5.78358286E-17  3.00082865E-15  3.17229207E-12
 -9.06604403E-01 -3.10973349E-17  1.51716224E-15  2.52440894E-12
 -9.05270180E-01 -3.25792128E-17  1.66967096E-15  1.90393540E-12
 -9.03935957E-01 -2.11981302E-17  1.07685621E-16  1.19993950E-12
 -9.02601734E-01 -8.11891387E-17 -6.60361585E-16  5.35962105E-13
 -9.01267512E-01 -1.74031906E-17 -2.50291584E-15 -2.10674938E-13
 -8.99933289E-01 -8.17532645E-17 -2.94774636E-15 -8.70470702E-13
 -8.98599066E-01 -1.99574225E-17 -2.79997113E-15 -1.51139667E-12
 -8.97264843E-01 -5.54775552E-17 -4.08027833E-15 -2.13342354E-12
 -8.95930620E-01 -4.15177963E-17 -5.30244237E-15 -2.73951083E-12
 -8.94596398E-01 -3.92470340E-17 -4.89438972E-15 -3.24256576E-12
 -8.93262175E-01 -2.99261774E-18 -5.57812721E-15 -3.73645576E-12
 -8.91927952E-01 -5.44075211E-17 -7.37445305E-15 -4.25072761E-12
 -8.90593729E-01 -7.11721836E-18 -6.37445728E-15 -4.55361634E-12
 -8.89259506E-01  2.79360362E-18 -6.66359867E-15 -4.85202751E-12
 -8.87925284E-01 -1.11962740E-16 -7.92852826E-15 -5.09839657E-12
 -8.86591061E-01 -3.15466049E-17 -6.89175795E-15 -5.26084644E-12
 -8.85256838E-01 -5.39194232E-17 -8.04574656E-15 -5.37997791E-12
 -8.83922615E-01 -3.60445056E-17 -7.97674190E-15 -5.36369589E-12
 -8.82588392E-01 -4.65132153E-17 -8.04205599E-15 -5.34946989E-12
 -8.81254169E-01 -7.55118321E-17 -9.22047134E-15 -5.25734505E-12
 -8.79919947E-01 -8.58435733E-18 -6.23617781E-15 -4.97583652E-12
 -8.78585724E-01 -4.76816912E-17 -7.15317598E-15 -4.78065869E-12
 -8.77251501E-01  3.96964351E-17 -5.72878608E-15 -4.44145902E-12
 -8.75917278E-01  7.33210772E-20 -5.34170537E-15 -4.11897307E-12
 -8.74583055E-01 -7.99035935E-18 -5.66447622E-15 -3.71404459E-12
 -8.73248833E-01 -3.65518463E-17 -4.60064119E-15 -3.24577907E-12
 -8.71914610E-01 -6.07310440E-17 -3.97139464E-15 -2.79503336E-12
 -8.70580387E-01 -1.00086077E-17 -3.27163601E-15 -2.28135932E-12
 -8.69246164E-01 -8.15929047E-18 -4.19155266E-15 -1.79616737E-12
 -8.67911941E-01  6.39592942E-19 -2.20733649E-15 -1.23661876E-12
 -8.66577718E-01 -1.13984887E-17 -2.08183921E-15 -6.45523820E-13
 -8.65243496E-01 -1.48093361E-17 -5.65679857E-16 -6.46334119E-14
 -8.63909273E-01 -6.30169436E-17  1.26438767E-16  4.44180646E-13
 -8.62575050E-01  7.86221777E-19  1.16392767E-15  1.02528809E-12
 -8.61240827E-01 -5.87191638E-18  1.23845073E-15  1.53917294E-12
 -8.59906604E-01 -1.12385681E-17  2.25186587E-15  2.09190723E-12
 -8.58572382E-01 -3.86826370E-17  2.88287643E-15  2.55534023E-12
 -8.57238159E-01 -3.67325738E-17  2.98645003E-15  2.96021350E-12
 -8.55903936E-01 -2.78027426E-17  4.21144003E-15  3.41392530E-12
 -8.54569713E-01  3.22980111E-18  4.57750820E-15  3.75774296E-12
 -8.53235490E-01  8.78755680E-17  5.69079873E-15  4.10523673E-12
 -8.51901268E-01  1.30304855E-17  6.07502115E-15  4.40089791E-12
 -8.50567045E-01  2.15307341E-17  7.01607405E-15  4.63799718E-12
 -8.49232822E-01  6.33872470E-17  6.78114372E-15  4.79961898E-12
 -8.47898599E-01  2.83276493E-17  6.98450228E-15  4.93708461E-12
 -8.46564376E-01 -3.39802342E-17  6.75260110E-15  4.99713572E-12
 -8.45230153E-01  1.35637262E-18  6.61899157E-15  5.02666623E-12
 -8.43895931E-01  6.03924948E-18  6.27264274E-15  4.96936717E-12
 -8.42561708E-01 -1.28052056E-17  5.43821253E-15  4.88238862E-12
 -8.41227485E-01 -1.39474497E-17  5.37999474E-15  4.79907588E-12
 -8.39893262E-01 -4.72188299E-17  5.51691172E-15  4.64858322E-12
 -8.38559039E-01 -2.16087288E-17  6.40779020E-15  4.45519019E-12
 -8.37224817E-01  5.02930410E-17  5.91980151E-15  4.20367479E-12
 -8.35890594E-01  4.96583222E-18  4.30749833E-15  3.87603303E-12
 -8.34556371E-01 -2.80018507E-17  4.46739368E-15  3.57995230E-12
 -8.33222148E-01  6.78084889E-18  4.42993369E-15  3.19465704E-12
 -8.31887925E-01 -2.54849664E-17  3.29153672E-15  2.82825055E-12
 -8.30553702E-01 -3.22412181E-17  3.78823979E-15  2.43037507E-12
 -8.29219480E-01 -4.47045003E-17  2.98307839E-15  1.99870695E-12
 -8.27885257E-01  3.30169692E-17  2.32323912E-15  1.54951488E-12
 -8.26551034E-01  4.80290507E-18  2.32879015E-15  1.12899030E-12
 -8.25216811E-01  2.01106955E-17  1.09586342E-15  6.32633046E-13
 -8.23882588E-01  9.52032512E-18  7.02115767E-17  1.33558827E-13
 -8.22548366E-01 -2.64778107E-17 -2.21890007E-16 -2.69035090E-13
 -8.21214143E-01  5.61777723E-17  1.42808317E-16 -7.14943542E-13
 -8.19879920E-01  1.37997004E-17 -1.45121593E-15 -1.18463170E-12
 -8.18545697E-01  5.54987523E-17 -1.19007490E-15 -1.64279705E-12
 -8.17211474E-01  4.13663358E-19 -2.00859712E-15 -2.05481423E-12
 -8.15877252E-01 -1.51550901E-17 -3.03898839E-15 -2.42229874E-12
 -8.14543029E-01 -1.29215237E-17 -3.62942301E-15 -2.80367313E-12
 -8.13208806E-01  5.93290055E-17 -2.60528722E-15 -3.12686240E-12
 -8.11874583E-01  7.04662767E-17 -3.19952216E-15 -3.44321921E-12
 -8.10540360E-01 -1.74119703E-17 -4.03345811E-15 -3.73300674E-12
 -8.09206137E-01  2.00926603E-17 -4.11617321E-15 -3.96640378E-12
 -8.07871915E-01 -2.51271120E-18 -4.95604498E-15 -4.20161750E-12
 -8.06537692E-01  1.01521763E-17 -4.51707613E-15 -4.37365605E-12
 -8.05203469E-01 -1.57312577E-17 -4.54911220E-15 -4.48127311E-12
 -8.03869246E-01  2.10448298E-18 -5.29456490E-15 -4.61919718E-12
 -8.02535023E-01  1.92958196E-18 -4.84530882E-15 -4.65652515E-12
 -8.01200801E-01  3.77205541E-17 -4.08883391E-15 -4.67555055E-12
 -7.99866578E-01 -2.27420337E-17 -5.10713534E-15 -4.69595965E-12
 -7.98532355E-01  4.08306751E-17 -5.01711028E-15 -4.62634344E-12
 -7.97198132E-01 -5.02226271E-17 -5.48372554E-15 -4.55485242E-12
 -7.95863909E-01  1.12278966E-17 -5.00077979E-15 -4.40805921E-12
 -7.94529686E-01  7.27871825E-18 -4.71859138E-15 -4.27196451E-12
 -7.93195464E-01 -1.52598676E-18 -3.83360662E-15 -4.01839978E-12
 -7.91861241E-01  3.13851954E-17 -4.24394383E-15 -3.82973160E-12
 -7.90527018E-01  2.86211162E-17 -2.98542483E-15 -3.56177209E-12
 -7.89192795E-01  2.35953422E-17 -1.85525456E-15 -3.28021869E-12
 -7.87858572E-01  2.19669182E-18 -2.84505464E-15 -2.98203806E-12
 -7.86524350E-01 -2.84015902E-18 -1.77347429E-15 -2.66322927E-12
 -7.85190127E-01  3.38669191E-17 -1.81362325E-15 -2.28240944E-12
 -7.83855904E-01 -4.37229325E-18 -2.12813004E-15 -2.02151391E-12
 -7.82521681E-01  8.25149271E-17 -4.82562575E-18 -1.56100294E-12
 -7.81187458E-01  1.69591973E-17 -3.87654167E-16 -1.17264512E-12
 -7.79853235E-01  2.79804397E-17 -1.21154502E-17 -8.25559088E-13
 -7.78519013E-01  2.84864558E-17  2.52449616E-16 -4.26600343E-13
 -7.77184790E-01  1.05247162E-17  7.89829678E-16 -1.50060700E-14
 -7.75850567E-01 -7.41896505E-18  3.27364077E-16  3.60260454E-13
 -7.74516344E-01  5.23016926E-17  2.05651842E-15  7.85356677E-13
 -7.73182121E-01  1.71085587E-18  2.64490098E-15  1.18312234E-12
 -7.71847899E-01  1.50026734E-17  3.28545399E-15  1.53811480E-12
 -7.70513676E-01  3.46508928E-17  3.41379076E-15  1.91082606E-12
 -7.69179453E-01  4.48524561E-17  3.63088075E-15  2.23564702E-12
 -7.67845230E-01  4.00346652E-17  4.84047129E-15  2.61321995E-12
 -7.66511007E-01  1.13359096E-17  4.59836575E-15  2.92808705E-12
 -7.65176785E-01  3.53382874E-17  5.48818097E-15  3.17735361E-12
 -7.63842562E-01  3.15267806E-17  5.25902621E-15  3.45009128E-12
 -7.62508339E-01  2.85170156E-17  5.20534824E-15  3.71648304E-12
 -7.61174116E-01 -5.61728516E-18  5.57301376E-15  3.91033433E-12
 -7.59839893E-01  6.40344814E-17  7.15593035E-15  4.11901252E-12
 -7.58505670E-01  6.07641093E-17  7.41348723E-15  4.30219618E-12
 -7.57171448E-01 -9.77723869E-18  5.98271062E-15  4.40644312E-12
 -7.55837225E-01  4.35236741E-17  6.17827150E-15  4.48465318E-12
 -7.54503002E-01  8.69572638E-17  7.33567994E-15  4.57618922E-12
 -7.53168779E-01  4.25384027E-17  6.91210301E-15  4.62997766E-12
 -7.51834556E-01  4.85010768E-17  6.74264722E-15  4.63638985E-12
 -7.50500334E-01  1.64115719E-17  6.77008119E-15  4.57592378E-12
 -7.49166111E-01  4.76821417E-17  6.61628379E-15  4.54987062E-12
 -7.47831888E-01  3.55918322E-17  6.40430275E-15  4.45883297E-12
 -7.46497665E-01  3.21355214E-17  6.45150213E-15  4.35992005E-12
 -7.45163442E-01  3.87266313E-17  6.32995623E-15  4.23855157E-12
 -7.43829219E-01  6.01464930E-18  5.80694639E-15  4.01915470E-12
 -7.42494997E-01  9.12029847E-18  5.76715176E-15  3.87574412E-12
 -7.41160774E-01  2.98060549E-17  5.23384330E-15  3.64338305E-12
 -7.39826551E-01  7.32988539E-18  5.54109106E-15  3.41199989E-12
 -7.38492328E-01  4.61538891E-17  5.16263085E-15  3.18543607E-12
 -7.37158105E-01 -2.42306612E-17  4.08523698E-15  2.90422806E-12
 -7.35823883E-01  4.43464349E-17  4.73422297E-15  2.59436684E-12
 -7.34489660E-01  2.11408259E-17  4.30463100E-15  2.29192567E-12
 -7.33155437E-01  1.10600949E-17  3.03666309E-15  1.95343755E-12
 -7.31821214E-01 -2.36510194E-17  2.78837437E-15  1.63352378E-12
 -7.30486991E-01 -1.09519473E-17  1.49498126E-15  1.28953883E-12
 -7.29152769E-01 -8.77432929E-18  1.21452842E-15  9.12767516E-13
 -7.27818546E-01 -4.14834842E-17  1.69363480E-16  5.55101609E-13
 -7.26484323E-01  5.03191286E-17  1.14589918E-15  2.32319392E-13
 -7.25150100E-01  4.07208069E-17  4.97841652E-16 -1.14368256E-13
 -7.23815877E-01 -1.30852039E-18 -3.63729988E-16 -4.85041247E-13
 -7.22481654E-01  3.15267847E-17 -8.11304890E-16 -8.17389584E-13
 -7.21147432E-01  1.07415501E-17 -9.68727868E-16 -1.16504136E-12
 -7.19813209E-01 -2.77216329E-18 -1.38573175E-15 -1.49409923E-12
 -7.18478986E-01  2.02041082E-18 -1.84173536E-15 -1.79930953E-12
 -7.17144763E-01 -1.63930611E-17 -2.15903950E-15 -2.10400874E-12
 -7.15810540E-01 -1.21795579E-17 -3.67078632E-15 -2.44008352E-12
 -7.14476318E-01  2.81240373E-17 -2.62568207E-15 -2.68919085E-12
 -7.13142095E-01  5.02328422E-18 -3.43386467E-15 -2.97668886E-12
 -7.11807872E-01  2.54622112E-17 -3.55162873E-15 -3.21593640E-12
 -7.10473649E-01 -4.00721917E-17 -4.61652170E-15 -3.43431250E-12
 -7.09139426E-01 -1.51963204E-17 -4.93250664E-15 -3.61529050E-12
 -7.07805203E-01  3.82411855E-17 -3.43515785E-15 -3.79299229E-12
 -7.06470981E-01  4.00342763E-17 -4.71293337E-15 -3.97711866E-12
 -7.05136758E-01 -1.92792053E-17 -4.84545066E-15 -4.10558090E-12
 -7.03802535E-01 -1.55971833E-17 -5.77031810E-15 -4.24731543E-12
 -7.02468312E-01  1.87070795E-17 -5.17367689E-15 -4.31926178E-12
 -7.01134089E-01  5.87204850E-17 -4.62603025E-15 -4.35498022E-12
 -6.99799867E-01  4.12326622E-17 -5.41321085E-15 -4.42885379E-12
 -6.98465644E-01  2.78558794E-17 -5.05690790E-15 -4.43337320E-12
 -6.97131421E-01 -3.53010546E-17 -5.70843097E-15 -4.40692606E-12
 -6.95797198E-01  1.28514403E-17 -5.23180490E-15 -4.36854285E-12
 -6.94462975E-01  1.86681796E-17 -5.22905480E-15 -4.30554567E-12
 -6.93128753E-01 -8.74276463E-18 -5.08923083E-15 -4.19287267E-12
 -6.91794530E-01  3.68691831E-18 -4.68601931E-15 -4.10606859E-12
 -6.90460307E-01  3.80573365E-18 -4.36814040E-15 -3.97407899E-12
 -6.89126084E-01  3.57048987E-18 -4.41117289E-15 -3.82594919E-12
 -6.87791861E-01  4.54862703E-18 -4.60911108E-15 -3.63495160E-12
 -6.86457638E-01  2.18110983E-17 -3.58128455E-15 -3.42747122E-12
 -6.85123416E-01 -2.99029944E-18 -4.46572033E-15 -3.23840397E-12
 -6.83789193E-01  2.34263362E-18 -3.38441240E-15 -3.02622698E-12
 -6.82454970E-01  1.29535269E-17 -3.24237853E-15 -2.76834735E-12
 -6.81120747E-01  2.73198300E-17 -2.59747059E-15 -2.50278515E-12
 -6.79786524E-01  3.36090611E-17 -2.12919135E-15 -2.21701174E-12
 -6.78452302E-01 -1.38096204E-17 -3.09352421E-15 -1.97326257E-12
 -6.77118079E-01 -3.32182862E-17 -1.90319486E-15 -1.68432419E-12
 -6.75783856E-01  2.56246021E-17 -1.77742565E-15 -1.36591457E-12
 -6.74449633E-01  9.16224081E-18 -1.14632462E-15 -1.08118382E-12
 -6.73115410E-01  3.26769866E-17 -1.05820183E-15 -7.70825664E-13
 -6.71781187E-01  6.72055387E-17  2.49381535E-17 -4.26259019E-13
 -6.70446965E-01 -1.94178149E-17  3.07144118E-17 -1.10633649E-13
 -6.69112742E-01 -2.48536242E-17  1.33621179E-17  2.18543269E-13
 -6.67778519E-01 -2.28342649E-17  9.16646075E-16  4.97679199E-13
 -6.66444296E-01  2.51053468E-17  5.32230273E-16  7.72694324E-13
 -6.65110073E-01  1.30438949E-17  1.23804611E-15  1.08997674E-12
 -6.63775851E-01 -4.79175345E-19  1.89026098E-15  1.42989843E-12
 -6.62441628E-01  2.54803890E-17  2.69508415E-15  1.71577707E-12
 -6.61107405E-01  4.22027566E-17  2.66051503E-15  1.98567947E-12
 -6.59773182E-01 -1.19082824E-17  2.39342814E-15  2.24213904E-12
 -6.58438959E-01  3.87033733E-17  3.67015082E-15  2.53449587E-12
 -6.57104736E-01  2.15368981E-17  2.88540295E-15  2.70747141E-12
 -6.55770514E-01  3.12116247E-17  3.89177856E-15  2.97299075E-12
 -6.54436291E-01 -1.10379447E-17  3.43870179E-15  3.17361307E-12
 -6.53102068E-01 -9.15578011E-19  4.41210612E-15  3.39438961E-12
 -6.51767845E-01  6.49085954E-17  4.98995647E-15  3.55395304E-12
 -6.50433622E-01  2.26811569E-17  4.88861885E-15  3.73722468E-12
 -6.49099400E-01 -6.85753340E-18  4.24875394E-15  3.84487219E-12
 -6.47765177E-01 -5.37765342E-18  4.61169728E-15  3.96407349E-12
 -6.46430954E-01  1.21303969E-17  4.51432398E-15  4.07171693E-12
 -6.45096731E-01  3.34005686E-17  5.70545024E-15  4.15225829E-12
 -6.43762508E-01  1.16727630E-17  5.01696095E-15  4.17050921E-12
 -6.42428286E-01 -1.56192866E-18  5.66119153E-15  4.25611608E-12
 -6.41094063E-01  1.72375002E-17  5.24156131E-15  4.28066632E-12
 -6.39759840E-01  2.41896874E-17  5.84146173E-15  4.26435324E-12
 -6.38425617E-01  4.83127127E-17  5.45290219E-15  4.23977195E-12
 -6.37091394E-01  1.37409302E-17  4.56833556E-15  4.17885107E-12
 -6.35757171E-01  1.19412631E-17  4.69607328E-15  4.09468929E-12
 -6.34422949E-01  3.46241419E-17  4.71851603E-15  4.02013409E-12
 -6.33088726E-01  2.54086167E-17  5.14360188E-15  3.90929525E-12
 -6.31754503E-01  4.29165098E-19  5.15670480E-15  3.78562087E-12
 -6.30420280E-01  1.43447116E-17  4.04129401E-15  3.62744939E-12
 -6.29086057E-01 -3.61010553E-18  4.22171017E-15  3.50620308E-12
 -6.27751835E-01 -1.13358288E-18  3.24683575E-15  3.27845902E-12
 -6.26417612E-01 -4.82439815E-19  3.73840146E-15  3.10683167E-12
 -6.25083389E-01  2.77736982E-17  3.76999029E-15  2.91423744E-12
 -6.23749166E-01 -4.13496778E-17  2.40854341E-15  2.66029884E-12
 -6.22414943E-01  9.41022938E-18  2.70033868E-15  2.41198905E-12
 -6.21080720E-01 -3.94958739E-18  1.74762978E-15  2.16556063E-12
 -6.19746498E-01  4.35825382E-18  2.28649393E-15  1.93654563E-12
 -6.18412275E-01  1.12231180E-17  1.66413281E-15  1.67607795E-12
 -6.17078052E-01  2.07428240E-17  1.98864480E-15  1.40574527E-12
 -6.15743829E-01 -1.37069392E-17  3.84213772E-16  1.12003888E-12
 -6.14409606E-01 -4.72044683E-17  4.14638691E-16  8.42624889E-13
 -6.13075384E-01  1.20493678E-17  6.73366972E-16  5.89510180E-13
 -6.11741161E-01  1.20894379E-17  4.88937465E-16  2.73547894E-13
 -6.10406938E-01  4.76632770E-18 -1.01662135E-15 -5.26984755E-14
 -6.09072715E-01  1.50787719E-17 -1.13619522E-15 -3.39727592E-13
 -6.07738492E-01  8.44022157E-18 -1.23413675E-15 -5.80713678E-13
 -6.06404270E-01 -9.18513112E-18 -1.45431441E-15 -8.70157665E-13
 -6.05070047E-01 -3.80663845E-18 -1.22213018E-15 -1.13842619E-12
 -6.03735824E-01 -1.41888855E-17 -2.71815286E-15 -1.43776082E-12
 -6.02401601E-01 -1.90682688E-17 -2.85718816E-15 -1.71160181E-12
 -6.01067378E-01 -2.87255371E-17 -3.46177927E-15 -1.97157262E-12
 -5.99733155E-01 -1.62842393E-17 -2.49793394E-15 -2.19921187E-12
 -5.98398933E-01 -1.99344700E-17 -3.97322316E-15 -2.43318657E-12
 -5.97064710E-01 -1.57207775E-17 -4.34849909E-15 -2.68508211E-12
 -5.95730487E-01 -4.22055701E-18 -4.08581905E-15 -2.88311751E-12
 -5.94396264E-01 -4.40359737E-17 -4.25300947E-15 -3.06141696E-12
 -5.93062041E-01 -2.79512214E-17 -5.04678550E-15 -3.29282246E-12
 -5.91727819E-01  4.05559617E-17 -4.41248673E-15 -3.44783248E-12
 -5.90393596E-01 -3.46326152E-17 -5.08041195E-15 -3.59188388E-12
 -5.89059373E-01  1.56922501E-17 -4.90345579E-15 -3.72315972E-12
 -5.87725150E-01 -2.07783653E-17 -4.55622520E-15 -3.82702539E-12
 -5.86390927E-01 -2.81690648E-17 -5.14812272E-15 -3.94681783E-12
 -5.85056704E-01  3.83581040E-18 -6.12497713E-15 -4.05814835E-12
 -5.83722482E-01 -1.71874684E-17 -5.59282660E-15 -4.11883336E-12
 -5.82388259E-01  8.29845822E-18 -5.24234469E-15 -4.15985458E-12
 -5.81054036E-01 -1.36112423E-17 -5.93384998E-15 -4.20486323E-12
 -5.79719813E-01 -4.06527481E-17 -6.71498397E-15 -4.27673177E-12
 -5.78385590E-01  3.12073544E-17 -5.16540124E-15 -4.21979202E-12
 -5.77051368E-01 -3.16061451E-17 -5.54460165E-15 -4.16695797E-12
 -5.75717145E-01 -4.97570297E-18 -5.76701237E-15 -4.15930659E-12
 -5.74382922E-01  1.63611419E-17 -4.82715339E-15 -4.09768578E-12
 -5.73048699E-01 -3.04316431E-17 -6.00843820E-15 -4.06065714E-12
 -5.71714476E-01 -4.91036963E-17 -5.37617790E-15 -3.95595932E-12
 -5.70380254E-01 -8.00487398E-17 -5.63996633E-15 -3.82713267E-12
 -5.69046031E-01  5.89918964E-17 -3.93009849E-15 -3.67745424E-12
 -5.67711808E-01 -1.65497564E-17 -4.50885188E-15 -3.54401988E-12
 -5.66377585E-01 -4.21892364E-17 -5.14137667E-15 -3.42401978E-12
 -5.65043362E-01  2.32396155E-17 -4.57774657E-15 -3.25983297E-12
 -5.63709139E-01  1.49263923E-18 -4.29551273E-15 -3.08104447E-12
 -5.62374917E-01  3.30332363E-17 -3.46966192E-15 -2.82510604E-12
 -5.61040694E-01  5.23074364E-18 -3.01430030E-15 -2.63332089E-12
 -5.59706471E-01 -1.10820776E-17 -3.68692716E-15 -2.44011522E-12
 -5.58372248E-01 -3.77150003E-18 -2.85528123E-15 -2.19051465E-12
 -5.57038025E-01  1.68415396E-17 -2.58251383E-15 -1.96122188E-12
 -5.55703803E-01 -6.82095498E-20 -2.85093731E-15 -1.73971927E-12
 -5.54369580E-01 -1.55025992E-17 -2.31079752E-15 -1.46193921E-12
 -5.53035357E-01 -1.88249276E-17 -1.85064286E-15 -1.22168395E-12
 -5.51701134E-01  9.89084082E-18 -1.45054586E-15 -9.62756730E-13
 -5.50366911E-01 -2.79132758E-17 -1.21802582E-15 -6.64421685E-13
 -5.49032688E-01  8.86131646E-18 -7.54858969E-16 -4.22029179E-13
 -5.47698466E-01 -1.89698690E-17  3.44717893E-17 -1.32599082E-13
 -5.46364243E-01  1.01255216E-17  4.31091042E-16  1.34981678E-13
 -5.45030020E-01  1.96911032E-18 -1.65471643E-16  4.00261740E-13
 -5.43695797E-01 -1.20338683E-17  4.08214183E-16  6.63276976E-13
 -5.42361574E-01  2.53226713E-17  9.79274260E-16  9.12980011E-13
 -5.41027352E-01  2.34728869E-17  2.20358321E-15  1.20465667E-12
 -5.39693129E-01  6.21386106E-18  2.07132194E-15  1.44202947E-12
 -5.38358906E-01 -9.11314265E-18  1.69557436E-15  1.66227506E-12
 -5.37024683E-01 -5.49402843E-18  2.07395188E-15  1.91665038E-12
 -5.35690460E-01 -6.28309678E-18  2.31592199E-15  2.13638044E-12
 -5.34356237E-01 -1.65273121E-17  2.68545240E-15  2.34999060E-12
 -5.33022015E-01  1.02248510E-19  3.17693635E-15  2.59658594E-12
 -5.31687792E-01 -1.25730885E-17  3.49520421E-15  2.78937019E-12
 -5.30353569E-01 -1.79260122E-17  2.95559732E-15  2.93262293E-12
 -5.29019346E-01  1.59189539E-17  3.81017751E-15  3.17250790E-12
 -5.27685123E-01 -2.43574695E-17  3.52529142E-15  3.32546105E-12
 -5.26350901E-01  1.00176174E-17  4.49706940E-15  3.48622588E-12
 -5.25016678E-01 -2.78265437E-17  4.21328227E-15  3.62848726E-12
 -5.23682455E-01 -3.05773973E-17  4.28848818E-15  3.72400056E-12
 -5.22348232E-01  5.29961025E-18  4.62750480E-15  3.86231259E-12
 -5.21014009E-01  1.38853832E-17  4.58168854E-15  3.93661082E-12
 -5.19679787E-01  6.06352885E-18  4.57927726E-15  4.02369049E-12
 -5.18345564E-01  8.10492127E-18  5.29475831E-15  4.07008547E-12
 -5.17011341E-01 -1.66810602E-17  5.50707061E-15  4.13280381E-12
 -5.15677118E-01 -5.58569684E-18  5.19295616E-15  4.16384974E-12
 -5.14342895E-01 -2.92397105E-18  5.39726141E-15  4.19068793E-12
 -5.13008672E-01 -4.55058520E-17  4.56605940E-15  4.15914306E-12
 -5.11674450E-01  1.96362164E-17  4.99570304E-15  4.14426296E-12
 -5.10340227E-01  3.57428576E-17  5.84978058E-15  4.13733385E-12
 -5.09006004E-01  1.99803695E-17  4.32851050E-15  4.03218349E-12
 -5.07671781E-01 -1.22178295E-17  4.30055105E-15  3.98564944E-12
 -5.06337558E-01  2.90112623E-17  4.32111172E-15  3.88726954E-12
 -5.05003336E-01  1.88761696E-17  4.72187889E-15  3.81784915E-12
 -5.03669113E-01  6.52184602E-18  4.38527070E-15  3.70431480E-12
 -5.02334890E-01 -3.53617118E-17  4.34009753E-15  3.57291270E-12
 -5.01000667E-01 -2.73873170E-17  3.22361848E-15  3.42985620E-12
 -4.99666444E-01  5.28557513E-18  3.77932611E-15  3.29541444E-12
 -4.98332221E-01  9.97876370E-18  4.37262183E-15  3.12934898E-12
 -4.96997999E-01  3.12324863E-19  3.63719076E-15  2.97978172E-12
 -4.95663776E-01 -3.05165110E-17  2.38104921E-15  2.71855975E-12
 -4.94329553E-01  1.15012832E-17  2.85804274E-15  2.58419990E-12
 -4.92995330E-01 -2.87886195E-17  2.00015817E-15  2.36523084E-12
 -4.91661107E-01 -2.59246315E-17  1.49881718E-15  2.15182896E-12
 -4.90326885E-01 -3.58237208E-17  1.97747955E-15  1.95018974E-12
 -4.88992662E-01 -1.56669377E-17  1.73803634E-15  1.72834615E-12
 -4.87658439E-01 -6.48180817E-18  1.45754859E-15  1.47123065E-12
 -4.86324216E-01  1.16404729E-17  1.26470395E-15  1.22848578E-12
 -4.84989993E-01 -8.66345865E-19  1.00522541E-15  1.01807138E-12
 -4.83655771E-01 -2.01098491E-17  1.78829262E-16  7.40677623E-13
 -4.82321548E-01 -1.15901562E-17  1.50546411E-18  5.11082321E-13
 -4.80987325E-01 -2.81911555E-17 -1.56130938E-16  2.87436437E-13
 -4.79653102E-01  1.49679387E-17  1.52427541E-16  4.95058717E-14
 -4.78318879E-01 -2.05796697E-17 -4.48111200E-16 -1.94908390E-13
 -4.76984656E-01 -4.36833490E-17 -1.05378339E-15 -4.20849800E-13
 -4.75650434E-01 -1.85672709E-17 -1.13313738E-15 -6.63197657E-13
 -4.74316211E-01 -1.89501157E-17 -1.66801715E-15 -8.90686456E-13
 -4.72981988E-01  5.52036839E-18 -2.20773734E-15 -1.17415737E-12
 -4.71647765E-01  5.74317202E-18 -2.10699331E-15 -1.35892759E-12
 -4.70313542E-01  5.37852503E-17 -2.82993340E-15 -1.59452875E-12
 -4.68979320E-01  8.07055715E-18 -2.29687259E-15 -1.75953714E-12
 -4.67645097E-01  1.00609537E-17 -3.46736875E-15 -1.99963691E-12
 -4.66310874E-01 -4.83275312E-17 -4.12890854E-15 -2.18187431E-12
 -4.64976651E-01 -1.73946040E-18 -3.93989506E-15 -2.35504570E-12
 -4.63642428E-01  7.30172075E-18 -3.35243811E-15 -2.49362766E-12
 -4.62308205E-01  7.19871671E-18 -4.29371549E-15 -2.67421575E-12
 -4.60973983E-01 -6.30384220E-17 -5.62213189E-15 -2.84728901E-12
 -4.59639760E-01 -2.77308587E-17 -5.21223148E-15 -2.95384630E-12
 -4.58305537E-01 -2.10555657E-17 -5.02198363E-15 -3.06623843E-12
 -4.56971314E-01 -3.51265293E-17 -4.98895323E-15 -3.14784129E-12
 -4.55637091E-01 -1.60445031E-17 -6.15638786E-15 -3.27437550E-12
 -4.54302869E-01  2.29574311E-17 -5.06223108E-15 -3.29811499E-12
 -4.52968646E-01  1.12874399E-17 -6.06328247E-15 -3.38386199E-12
 -4.51634423E-01 -1.80749589E-17 -5.63142484E-15 -3.41682137E-12
 -4.50300200E-01  3.07451842E-17 -5.07527770E-15 -3.42260970E-12
 -4.48965977E-01  3.98105191E-18 -4.97859261E-15 -3.41393332E-12
 -4.47631755E-01  1.82656259E-18 -5.75362916E-15 -3.43011326E-12
 -4.46297532E-01 -1.55355887E-17 -6.25108115E-15 -3.42054287E-12
 -4.44963309E-01 -6.06087933E-17 -6.48298679E-15 -3.39441040E-12
 -4.43629086E-01  2.58487859E-17 -5.88260328E-15 -3.31551145E-12
 -4.42294863E-01  2.84424464E-17 -6.20348924E-15 -3.25899823E-12
 -4.40960640E-01 -1.69320715E-17 -6.43595609E-15 -3.15091382E-12
 -4.39626418E-01 -1.51806235E-17 -6.58575094E-15 -3.03954278E-12
 -4.38292195E-01 -6.60849728E-17 -6.46499670E-15 -2.93193091E-12
 -4.36957972E-01 -5.26841280E-17 -6.66555881E-15 -2.76623206E-12
 -4.35623749E-01 -1.57242610E-19 -5.49717098E-15 -2.57572313E-12
 -4.34289526E-01 -6.55204721E-18 -6.33410554E-15 -2.40209203E-12
 -4.32955304E-01 -8.28549614E-18 -6.20739003E-15 -2.25401346E-12
 -4.31621081E-01 -3.77396464E-17 -5.59876968E-15 -2.00750081E-12
 -4.30286858E-01 -1.51053359E-17 -5.75783397E-15 -1.80004782E-12
 -4.28952635E-01 -2.09383458E-17 -5.53848800E-15 -1.54756463E-12
 -4.27618412E-01 -2.56016436E-17 -6.38586364E-15 -1.31525016E-12
 -4.26284189E-01 -4.14227529E-18 -5.54378465E-15 -1.03575639E-12
 -4.24949967E-01 -3.48920458E-17 -5.31019744E-15 -7.26780419E-13
 -4.23615744E-01 -2.18208355E-17 -4.69912185E-15 -4.09652708E-13
 -4.22281521E-01  5.94654482E-18 -4.77397063E-15 -9.50058158E-14
 -4.20947298E-01 -1.71159268E-17 -5.17404134E-15  1.86457955E-13
 -4.19613075E-01  2.47695092E-17 -3.92346915E-15  5.64239974E-13
 -4.18278853E-01 -3.62638079E-17 -5.04523508E-15  8.92234974E-13
 -4.16944630E-01  4.49213106E-18 -5.02495745E-15  1.22346565E-12
 -4.15610407E-01  1.01648965E-17 -4.46333380E-15  1.62991811E-12
 -4.14276184E-01 -5.93497070E-18 -4.45724495E-15  1.95803268E-12
 -4.12941961E-01 -2.16303583E-17 -4.39420304E-15  2.40809235E-12
 -4.11607738E-01 -3.69056798E-17 -4.96650163E-15  2.78965307E-12
 -4.10273516E-01 -5.82705317E-18 -4.34520750E-15  3.19720907E-12
 -4.08939293E-01 -2.99464202E-18 -3.78422845E-15  3.63223996E-12
 -4.07605070E-01  3.90360508E-17 -3.55728967E-15  4.06754991E-12
 -4.06270847E-01  2.17479456E-17 -2.96687440E-15  4.52452297E-12
 -4.04936624E-01 -9.11281020E-18 -3.88519223E-15  4.97527684E-12
 -4.03602402E-01 -1.71020461E-17 -3.80473359E-15  5.42792215E-12
 -4.02268179E-01  1.79117816E-17 -3.86497491E-15  5.87983612E-12
 -4.00933956E-01  4.78266742E-19 -4.10249715E-15  6.34654149E-12
 -3.99599733E-01  2.08773126E-17 -4.49486350E-15  6.83000736E-12
 -3.98265510E-01 -1.64848742E-17 -3.36559550E-15  7.37108799E-12
 -3.96931288E-01 -2.14502291E-17 -4.80945113E-15  7.81049158E-12
 -3.95597065E-01 -5.04575442E-18 -4.30570556E-15  8.35888691E-12
 -3.94262842E-01  3.12969325E-18 -4.51787638E-15  8.82684816E-12
 -3.92928619E-01 -6.81983800E-18 -4.81198284E-15  9.40359080E-12
 -3.91594396E-01  4.24605309E-18 -5.60496807E-15  9.92357525E-12
 -3.90260173E-01  1.78159306E-17 -5.28938523E-15  1.04934829E-11
 -3.88925951E-01  6.92945553E-18 -5.71315086E-15  1.10338422E-11
 -3.87591728E-01  4.27042033E-17 -6.30294526E-15  1.16143038E-11
 -3.86257505E-01  7.17735380E-17 -7.38031275E-15  1.21367545E-11
 -3.84923282E-01  4.56672020E-17 -6.49384533E-15  1.28030469E-11
 -3.83589059E-01  4.13475120E-18 -7.50910402E-15  1.34167494E-11
 -3.82254837E-01  1.93441051E-17 -8.41897982E-15  1.40055186E-11
 -3.80920614E-01  3.23156696E-17 -9.45302715E-15  1.46471589E-11
 -3.79586391E-01  3.67544925E-17 -1.02250073E-14  1.52851906E-11
 -3.78252168E-01 -9.08560628E-18 -1.11742098E-14  1.60134382E-11
 -3.76917945E-01 -1.98808706E-18 -1.24435608E-14  1.66694701E-11
 -3.75583722E-01  1.37757472E-17 -1.30191005E-14  1.74237091E-11
 -3.74249500E-01  2.96091820E-17 -1.42807463E-14  1.81564678E-11
 -3.72915277E-01  3.25305508E-17 -1.55426187E-14  1.89116625E-11
 -3.71581054E-01  3.50077803E-18 -1.65895548E-14  1.97490631E-11
 -3.70246831E-01  5.84590918E-17 -1.76089632E-14  2.06030364E-11
 -3.68912608E-01  2.32621322E-17 -1.95494955E-14  2.14586771E-11
 -3.67578386E-01  5.46714533E-17 -2.00288413E-14  2.24117706E-11
 -3.66244163E-01  4.13629869E-17 -2.19603571E-14  2.33496594E-11
 -3.64909940E-01  1.27231032E-17 -2.40454228E-14  2.43389549E-11
 -3.63575717E-01  2.11791303E-17 -2.58496424E-14  2.53772137E-11
 -3.62241494E-01  1.05487471E-17 -2.78220645E-14  2.64797363E-11
 -3.60907272E-01  4.08980235E-17 -2.97384614E-14  2.76315106E-11
 -3.59573049E-01  8.36604993E-17 -3.17706132E-14  2.88159978E-11
 -3.58238826E-01  6.05791589E-17 -3.39545493E-14  3.01423592E-11
 -3.56904603E-01  3.88140180E-17 -3.59194800E-14  3.14788463E-11
 -3.55570380E-01  6.60529771E-17 -3.90223105E-14  3.28571222E-11
 -3.54236157E-01  7.41429725E-17 -4.12572691E-14  3.43410406E-11
 -3.52901935E-01  4.75163363E-17 -4.37747772E-14  3.59431430E-11
 -3.51567712E-01  6.48029928E-18 -4.73212310E-14  3.75921226E-11
 -3.50233489E-01  7.45118254E-17 -4.95095362E-14  3.93608613E-11
 -3.48899266E-01  9.10499281E-17 -5.30884036E-14  4.11764105E-11
 -3.47565043E-01  6.89119400E-17 -5.68198977E-14  4.31409475E-11
 -3.46230821E-01  6.94018160E-17 -6.02968228E-14  4.52048019E-11
 -3.44896598E-01  1.20325533E-16 -6.34563815E-14  4.73826589E-11
 -3.43562375E-01  8.29688882E-17 -6.74882140E-14  4.97213775E-11
 -3.42228152E-01  1.01779892E-16 -7.19910200E-14  5.21245155E-11
 -3.40893929E-01  1.04993237E-16 -7.68460553E-14  5.47136824E-11
 -3.39559706E-01  9.63090461E-17 -8.15851590E-14  5.74197298E-11
 -3.38225484E-01  1.11979967E-16 -8.62876058E-14  6.03119390E-11
 -3.36891261E-01  9.21943990E-17 -9.16726487E-14  6.33705743E-11
 -3.35557038E-01  1.12727109E-16 -9.65563090E-14  6.65800364E-11
 -3.34222815E-01  1.57101948E-16 -1.01835183E-13  6.99867000E-11
 -3.32888592E-01  1.26680681E-16 -1.07881179E-13  7.36051603E-11
 -3.31554370E-01  1.41090887E-16 -1.14245338E-13  7.73548135E-11
 -3.30220147E-01  1.59556934E-16 -1.20704143E-13  8.13890472E-11
 -3.28885924E-01  1.95533827E-16 -1.27361473E-13  8.56508096E-11
 -3.27551701E-01  1.68980512E-16 -1.35157966E-13  9.01215857E-11
 -3.26217478E-01  2.00221507E-16 -1.41917181E-13  9.49047736E-11
 -3.24883256E-01  1.53400807E-16 -1.50475449E-13  9.98735503E-11
 -3.23549033E-01  2.23841324E-16 -1.58437736E-13  1.05153882E-10
 -3.22214810E-01  2.22863097E-16 -1.67569402E-13  1.10708134E-10
 -3.20880587E-01  2.34675784E-16 -1.76424547E-13  1.16603466E-10
 -3.19546364E-01  2.56554059E-16 -1.86546803E-13  1.22820861E-10
 -3.18212141E-01  3.06599764E-16 -1.96436307E-13  1.29373449E-10
 -3.16877919E-01  2.39536745E-16 -2.08064577E-13  1.36253392E-10
 -3.15543696E-01  2.77681761E-16 -2.19102816E-13  1.43563671E-10
 -3.14209473E-01  3.06325979E-16 -2.30795198E-13  1.51218271E-10
 -3.12875250E-01  3.09216584E-16 -2.43009160E-13  1.59312125E-10
 -3.11541027E-01  3.49734173E-16 -2.56292044E-13  1.67831387E-10
 -3.10206805E-01  3.72884911E-16 -2.69616731E-13  1.76827280E-10
 -3.08872582E-01  3.95405099E-16 -2.84576854E-13  1.86274462E-10
 -3.07538359E-01  4.17184683E-16 -2.99776716E-13  1.96229713E-10
 -3.06204136E-01  4.33846389E-16 -3.15921289E-13  2.06713319E-10
 -3.04869913E-01  4.46080394E-16 -3.32939762E-13  2.17752313E-10
 -3.03535690E-01  4.93640373E-16 -3.51135903E-13  2.29353364E-10
 -3.02201468E-01  4.98897435E-16 -3.69236855E-13  2.41591802E-10
 -3.00867245E-01  5.45200669E-16 -3.88645600E-13  2.54473889E-10
 -2.99533022E-01  5.60765613E-16 -4.09555432E-13  2.68012874E-10
 -2.98198799E-01  5.96392069E-16 -4.31484746E-13  2.82220793E-10
 -2.96864576E-01  5.99759826E-16 -4.54201428E-13  2.97193939E-10
 -2.95530354E-01  6.64258668E-16 -4.78800131E-13  3.12912195E-10
 -2.94196131E-01  6.86897849E-16 -5.03769211E-13  3.29466593E-10
 -2.92861908E-01  7.48321702E-16 -5.30263583E-13  3.46838242E-10
 -2.91527685E-01  8.01880798E-16 -5.58350622E-13  3.65106694E-10
 -2.90193462E-01  8.14595526E-16 -5.87955175E-13  3.84326125E-10
 -2.88859239E-01  9.06716023E-16 -6.18334402E-13  4.04513699E-10
 -2.87525017E-01  9.15817048E-16 -6.51313120E-13  4.25710022E-10
 -2.86190794E-01  9.52279387E-16 -6.86457172E-13  4.47948216E-10
 -2.84856571E-01  1.02629733E-15 -7.22463747E-13  4.71352979E-10
 -2.83522348E-01  1.06413749E-15 -7.60406168E-13  4.95938797E-10
 -2.82188125E-01  1.14793783E-15 -7.99946042E-13  5.21738138E-10
 -2.80853903E-01  1.19284564E-15 -8.42258935E-13  5.48850208E-10
 -2.79519680E-01  1.25560316E-15 -8.85624216E-13  5.77323771E-10
 -2.78185457E-01  1.32690517E-15 -9.32725215E-13  6.07160793E-10
 -2.76851234E-01  1.37777780E-15 -9.81507408E-13  6.38525202E-10
 -2.75517011E-01  1.46251429E-15 -1.03331089E-12  6.71438907E-10
 -2.74182789E-01  1.55905575E-15 -1.08752092E-12  7.05952492E-10
 -2.72848566E-01  1.67796796E-15 -1.14392874E-12  7.42209019E-10
 -2.71514343E-01  1.73847402E-15 -1.20392149E-12  7.80250237E-10
 -2.70180120E-01  1.84034408E-15 -1.26707389E-12  8.20168009E-10
 -2.68845897E-01  1.91278470E-15 -1.33283075E-12  8.62067300E-10
 -2.67511674E-01  2.05998231E-15 -1.40215990E-12  9.06020139E-10
 -2.66177452E-01  2.11962861E-15 -1.47630968E-12  9.52117395E-10
 -2.64843229E-01  2.27128825E-15 -1.55180364E-12  1.00053530E-09
 -2.63509006E-01  2.37511361E-15 -1.63318359E-12  1.05121207E-09
 -2.62174783E-01  2.46026264E-15 -1.71835851E-12  1.10448061E-09
 -2.60840560E-01  2.66423335E-15 -1.80689029E-12  1.16032374E-09
 -2.59506338E-01  2.78863747E-15 -1.90104695E-12  1.21885701E-09
 -2.58172115E-01  2.90214120E-15 -1.99982446E-12  1.28027722E-09
 -2.56837892E-01  3.09098702E-15 -2.10339896E-12  1.34464342E-09
 -2.55503669E-01  3.23227349E-15 -2.21226303E-12  1.41218691E-09
 -2.54169446E-01  3.40677731E-15 -2.32619143E-12  1.48298949E-09
 -2.52835223E-01  3.66075195E-15 -2.44612854E-12  1.55726194E-09
 -2.51501001E-01  3.82209115E-15 -2.57260278E-12  1.63509974E-09
 -2.50166778E-01  4.03821050E-15 -2.70483692E-12  1.71673424E-09
 -2.48832555E-01  4.23449098E-15 -2.84474685E-12  1.80226674E-09
 -2.47498332E-01  4.50938710E-15 -2.99126888E-12  1.89193864E-09
 -2.46164109E-01  4.71655764E-15 -3.14455795E-12  1.98599690E-09
 -2.44829887E-01  4.95891281E-15 -3.30617809E-12  2.08455752E-09
 -2.43495664E-01  5.20545103E-15 -3.47606725E-12  2.18781218E-09
 -2.42161441E-01  5.44708933E-15 -3.65438340E-12  2.29611071E-09
 -2.40827218E-01  5.80185930E-15 -3.84045127E-12  2.40960316E-09
 -2.39492995E-01  6.08602156E-15 -4.03764089E-12  2.52848931E-09
 -2.38158773E-01  6.38262688E-15 -4.24365637E-12  2.65311990E-09
 -2.36824550E-01  6.75739180E-15 -4.46009646E-12  2.78367370E-09
 -2.35490327E-01  7.10637458E-15 -4.68804415E-12  2.92049472E-09
 -2.34156104E-01  7.43500963E-15 -4.92666470E-12  3.06388920E-09
 -2.32821881E-01  7.86026052E-15 -5.17735270E-12  3.21410868E-09
 -2.31487658E-01  8.26042013E-15 -5.44001455E-12  3.37152976E-09
 -2.30153436E-01  8.69156264E-15 -5.71560178E-12  3.53639339E-09
 -2.28819213E-01  9.15266911E-15 -6.00567066E-12  3.70911043E-09
 -2.27484990E-01  9.64911592E-15 -6.30992548E-12  3.89001808E-09
 -2.26150767E-01  1.01339942E-14 -6.62949490E-12  4.07953198E-09
 -2.24816544E-01  1.06608478E-14 -6.96408971E-12  4.27808566E-09
 -2.23482322E-01  1.12439694E-14 -7.31521817E-12  4.48601651E-09
 -2.22148099E-01  1.18282259E-14 -7.68386699E-12  4.70379387E-09
 -2.20813876E-01  1.24257764E-14 -8.07107369E-12  4.93184178E-09
 -2.19479653E-01  1.30318219E-14 -8.47636804E-12  5.17068964E-09
 -2.18145430E-01  1.37041130E-14 -8.90304751E-12  5.42077795E-09
 -2.16811207E-01  1.44516883E-14 -9.34921749E-12  5.68268284E-09
 -2.15476985E-01  1.52423983E-14 -9.81632226E-12  5.95693353E-09
 -2.14142762E-01  1.59647114E-14 -1.03088391E-11  6.24403496E-09
 -2.12808539E-01  1.68210146E-14 -1.08235151E-11  6.54465174E-09
 -2.11474316E-01  1.76631170E-14 -1.13645525E-11  6.85935599E-09
 -2.10140093E-01  1.86069877E-14 -1.19304117E-11  7.18883885E-09
 -2.08805871E-01  1.95483358E-14 -1.25245662E-11  7.53371024E-09
 -2.07471648E-01  2.05556757E-14 -1.31488757E-11  7.89470471E-09
 -2.06137425E-01  2.15921022E-14 -1.38020240E-11  8.27258681E-09
 -2.04803202E-01  2.26820137E-14 -1.44880840E-11  8.66804782E-09
 -2.03468979E-01  2.38623198E-14 -1.52065993E-11  9.08197728E-09
 -2.02134757E-01  2.50802279E-14 -1.59592576E-11  9.51522450E-09
 -2.00800534E-01  2.63878799E-14 -1.67479552E-11  9.96855741E-09
 -1.99466311E-01  2.77505334E-14 -1.75762040E-11  1.04429621E-08
 -1.98132088E-01  2.91065013E-14 -1.84437412E-11  1.09393505E-08
 -1.96797865E-01  3.06037379E-14 -1.93532455E-11  1.14587232E-08
 -1.95463642E-01  3.21753890E-14 -2.03055282E-11  1.20022048E-08
 -1.94129420E-01  3.38464152E-14 -2.13048887E-11  1.25707522E-08
 -1.92795197E-01  3.54952493E-14 -2.23522877E-11  1.31655503E-08
 -1.91460974E-01  3.73479882E-14 -2.34488064E-11  1.37878060E-08
 -1.90126751E-01  3.92100798E-14 -2.45984382E-11  1.44387249E-08
 -1.88792528E-01  4.11924661E-14 -2.58028343E-11  1.51196171E-08
 -1.87458306E-01  4.32568253E-14 -2.70649799E-11  1.58317629E-08
 -1.86124083E-01  4.54746320E-14 -2.83874249E-11  1.65766122E-08
 -1.84789860E-01  4.77433961E-14 -2.97738505E-11  1.73555597E-08
 -1.83455637E-01  5.01247326E-14 -3.12244701E-11  1.81702728E-08
 -1.82121414E-01  5.26387125E-14 -3.27458279E-11  1.90222321E-08
 -1.80787191E-01  5.53516264E-14 -3.43374223E-11  1.99131443E-08
 -1.79452969E-01  5.81280165E-14 -3.60060307E-11  2.08446822E-08
 -1.78118746E-01  6.10127080E-14 -3.77536087E-11  2.18186517E-08
 -1.76784523E-01  6.40905820E-14 -3.95839134E-11  2.28370062E-08
 -1.75450300E-01  6.73065911E-14 -4.15002261E-11  2.39016954E-08
 -1.74116077E-01  7.06858147E-14 -4.35079254E-11  2.50147062E-08
 -1.72781855E-01  7.42084437E-14 -4.56100191E-11  2.61782845E-08
 -1.71447632E-01  7.78995625E-14 -4.78110674E-11  2.73945232E-08
 -1.70113409E-01  8.17950337E-14 -5.01167815E-11  2.86658329E-08
 -1.68779186E-01  8.58783694E-14 -5.25298305E-11  2.99946738E-08
 -1.67444963E-01  9.01460814E-14 -5.50572251E-11  3.13835046E-08
 -1.66110740E-01  9.46135634E-14 -5.77035369E-11  3.28349304E-08
 -1.64776518E-01  9.93362226E-14 -6.04725631E-11  3.43518131E-08
 -1.63442295E-01  1.04254247E-13 -6.33729835E-11  3.59369555E-08
 -1.62108072E-01  1.09413190E-13 -6.64078645E-11  3.75933632E-08
 -1.60773849E-01  1.14843602E-13 -6.95851887E-11  3.93241396E-08
 -1.59439626E-01  1.20505467E-13 -7.29112411E-11  4.11325230E-08
 -1.58105404E-01  1.26476934E-13 -7.63919407E-11  4.30219428E-08
 -1.56771181E-01  1.32761199E-13 -8.00353381E-11  4.49958637E-08
 -1.55436958E-01  1.39334871E-13 -8.38470940E-11  4.70580826E-08
 -1.54102735E-01  1.46104574E-13 -8.78388907E-11  4.92123101E-08
 -1.52768512E-01  1.53352401E-13 -9.20136904E-11  5.14625785E-08
 -1.51434290E-01  1.60902986E-13 -9.63832308E-11  5.38131292E-08
 -1.50100067E-01  1.68818996E-13 -1.00955671E-10  5.62682173E-08
 -1.48765844E-01  1.77094994E-13 -1.05738881E-10  5.88324161E-08
 -1.47431621E-01  1.85773262E-13 -1.10743724E-10  6.15104514E-08
 -1.46097398E-01  1.94850459E-13 -1.15981523E-10  6.43071630E-08
 -1.44763175E-01  2.04435113E-13 -1.21459131E-10  6.72277725E-08
 -1.43428953E-01  2.14428840E-13 -1.27190159E-10  7.02775575E-08
 -1.42094730E-01  2.24853754E-13 -1.33186744E-10  7.34620652E-08
 -1.40760507E-01  2.35848410E-13 -1.39456279E-10  7.67871872E-08
 -1.39426284E-01  2.47303800E-13 -1.46016722E-10  8.02588636E-08
 -1.38092061E-01  2.59389128E-13 -1.52877536E-10  8.38833857E-08
 -1.36757839E-01  2.72015446E-13 -1.60053256E-10  8.76673374E-08
 -1.35423616E-01  2.85240756E-13 -1.67557531E-10  9.16175448E-08
 -1.34089393E-01  2.99075213E-13 -1.75406221E-10  9.57410952E-08
 -1.32755170E-01  3.13529436E-13 -1.83614102E-10  1.00045368E-07
 -1.31420947E-01  3.28720758E-13 -1.92196911E-10  1.04538128E-07
 -1.30086724E-01  3.44664873E-13 -2.01170156E-10  1.09227430E-07
 -1.28752502E-01  3.61360892E-13 -2.10553382E-10  1.14121608E-07
 -1.27418279E-01  3.78844146E-13 -2.20363570E-10  1.19229306E-07
 -1.26084056E-01  3.97033357E-13 -2.30621881E-10  1.24559587E-07
 -1.24749833E-01  4.16232518E-13 -2.41345224E-10  1.30122021E-07
 -1.23415610E-01  4.36266681E-13 -2.52555340E-10  1.35926370E-07
 -1.22081388E-01  4.57275259E-13 -2.64275026E-10  1.41982811E-07
 -1.20747165E-01  4.79261118E-13 -2.76525041E-10  1.48302115E-07
 -1.19412942E-01  5.02265076E-13 -2.89330486E-10  1.54895278E-07
 -1.18078719E-01  5.26376408E-13 -3.02713527E-10  1.61773964E-07
 -1.16744496E-01  5.51635460E-13 -3.16701464E-10  1.68950163E-07
 -1.15410274E-01  5.77996839E-13 -3.31322618E-10  1.76436281E-07
 -1.14076051E-01  6.05680258E-13 -3.46600639E-10  1.84245546E-07
 -1.12741828E-01  6.34588397E-13 -3.62568954E-10  1.92391333E-07
 -1.11407605E-01  6.64899290E-13 -3.79254921E-10  2.00887867E-07
 -1.10073382E-01  6.96671511E-13 -3.96690745E-10  2.09749850E-07
 -1.08739159E-01  7.29858453E-13 -4.14909857E-10  2.18992537E-07
 -1.07404937E-01  7.64572546E-13 -4.33945246E-10  2.28631881E-07
 -1.06070714E-01  8.00958374E-13 -4.53833800E-10  2.38684451E-07
 -1.04736491E-01  8.39048354E-13 -4.74612865E-10  2.49167436E-07
 -1.03402268E-01  8.78886621E-13 -4.96320690E-10  2.60098787E-07
 -1.02068045E-01  9.20511393E-13 -5.19000041E-10  2.71497145E-07
 -1.00733823E-01  9.64153087E-13 -5.42690553E-10  2.83381980E-07
 -9.93995997E-02  1.00982088E-12 -5.67437348E-10  2.95773465E-07
 -9.80653769E-02  1.05758127E-12 -5.93285738E-10  3.08692670E-07
 -9.67311541E-02  1.10751998E-12 -6.20285564E-10  3.22161382E-07
 -9.53969313E-02  1.15980269E-12 -6.48484676E-10  3.36202335E-07
 -9.40627085E-02  1.21453959E-12 -6.77935905E-10  3.50839286E-07
 -9.27284857E-02  1.27174390E-12 -7.08693582E-10  3.66096787E-07
 -9.13942628E-02  1.33158573E-12 -7.40814358E-10  3.82000480E-07
 -9.00600400E-02  1.39421737E-12 -7.74357377E-10  3.98576908E-07
 -8.87258172E-02  1.45970921E-12 -8.09383697E-10  4.15853849E-07
 -8.73915944E-02  1.52822185E-12 -8.45956869E-10  4.33860079E-07
 -8.60573716E-02  1.59987985E-12 -8.84144842E-10  4.52625561E-07
 -8.47231488E-02  1.67480991E-12 -9.24017230E-10  4.72181467E-07
 -8.33889260E-02  1.75317532E-12 -9.65645136E-10  4.92560108E-07
 -8.20547031E-02  1.83523749E-12 -1.00910420E-09  5.13795282E-07
 -8.07204803E-02  1.92094995E-12 -1.05447445E-09  5.35921970E-07
 -7.93862575E-02  2.01058773E-12 -1.10183723E-09  5.58976522E-07
 -7.80520347E-02  2.10434644E-12 -1.15127809E-09  5.82996878E-07
 -7.67178119E-02  2.20239594E-12 -1.20288648E-09  6.08022346E-07
 -7.53835891E-02  2.30487783E-12 -1.25675301E-09  6.34093933E-07
 -7.40493662E-02  2.41209540E-12 -1.31297712E-09  6.61254114E-07
 -7.27151434E-02  2.52406031E-12 -1.37165899E-09  6.89547095E-07
 -7.13809206E-02  2.64124775E-12 -1.43290066E-09  7.19018948E-07
 -7.00466978E-02  2.76375583E-12 -1.49681397E-09  7.49717379E-07
 -6.87124750E-02  2.89175135E-12 -1.56351210E-09  7.81692111E-07
 -6.73782522E-02  3.02561736E-12 -1.63311339E-09  8.14994729E-07
 -6.60440294E-02  3.16549197E-12 -1.70574081E-09  8.49678895E-07
 -6.47098065E-02  3.31174413E-12 -1.78152283E-09  8.85800341E-07
 -6.33755837E-02  3.46461336E-12 -1.86059466E-09  9.23417049E-07
 -6.20413609E-02  3.62438265E-12 -1.94309371E-09  9.62589213E-07
 -6.07071381E-02  3.79135617E-12 -2.02916654E-09  1.00337943E-06
 -5.93729153E-02  3.96587399E-12 -2.11896435E-09  1.04585276E-06
 -5.80386925E-02  4.14827707E-12 -2.21264232E-09  1.09007668E-06
 -5.67044696E-02  4.33886752E-12 -2.31036676E-09  1.13612142E-06
 -5.53702468E-02  4.53804818E-12 -2.41230696E-09  1.18405991E-06
 -5.40360240E-02  4.74611265E-12 -2.51864145E-09  1.23396797E-06
 -5.27018012E-02  4.96361385E-12 -2.62955295E-09  1.28592424E-06
 -5.13675784E-02  5.19085836E-12 -2.74523626E-09  1.34001057E-06
 -5.00333556E-02  5.42827268E-12 -2.86589199E-09  1.39631178E-06
 -4.86991328E-02  5.67625743E-12 -2.99172764E-09  1.45491624E-06
 -4.73649099E-02  5.93545111E-12 -3.12295990E-09  1.51591551E-06
 -4.60306871E-02  6.20615870E-12 -3.25981647E-09  1.57940485E-06
 -4.46964643E-02  6.48905865E-12 -3.40252927E-09  1.64548319E-06
 -4.33622415E-02  6.78445804E-12 -3.55134643E-09  1.71425305E-06
 -4.20280187E-02  7.09304719E-12 -3.70652324E-09  1.78582120E-06
 -4.06937959E-02  7.41544243E-12 -3.86832116E-09  1.86029842E-06
 -3.93595730E-02  7.75212106E-12 -4.03702107E-09  1.93779956E-06
 -3.80253502E-02  8.10385627E-12 -4.21290559E-09  2.01844426E-06
 -3.66911274E-02  8.47118220E-12 -4.39627598E-09  2.10235641E-06
 -3.53569046E-02  8.85477162E-12 -4.58744432E-09  2.18966474E-06
 -3.40226818E-02  9.25544124E-12 -4.78673140E-09  2.28050306E-06
 -3.26884590E-02  9.67381178E-12 -4.99447755E-09  2.37501007E-06
 -3.13542362E-02  1.01107069E-11 -5.21103116E-09  2.47332993E-06
 -3.00200133E-02  1.05669342E-11 -5.43675634E-09  2.57561228E-06
 -2.86857905E-02  1.10433527E-11 -5.67203268E-09  2.68201243E-06
 -2.73515677E-02  1.15408437E-11 -5.91725574E-09  2.79269154E-06
 -2.60173449E-02  1.20602708E-11 -6.17283465E-09  2.90781708E-06
 -2.46831221E-02  1.26025098E-11 -6.43919871E-09  3.02756265E-06
 -2.33488993E-02  1.31686297E-11 -6.71679104E-09  3.15210863E-06
 -2.20146765E-02  1.37596970E-11 -7.00607266E-09  3.28164216E-06
 -2.06804536E-02  1.43768036E-11 -7.30752561E-09  3.41635752E-06
 -1.93462308E-02  1.50209265E-11 -7.62165040E-09  3.55645615E-06
 -1.80120080E-02  1.56934087E-11 -7.94896425E-09  3.70214750E-06
 -1.66777852E-02  1.63953391E-11 -8.29001117E-09  3.85364840E-06
 -1.53435624E-02  1.71279573E-11 -8.64535279E-09  4.01118426E-06
 -1.40093396E-02  1.78927645E-11 -9.01557243E-09  4.17498887E-06
 -1.26751167E-02  1.86909480E-11 -9.40128116E-09  4.34530472E-06
 -1.13408939E-02  1.95240240E-11 -9.80310967E-09  4.52238356E-06
 -1.00066711E-02  2.03934954E-11 -1.02217153E-08  4.70648650E-06
 -8.67244830E-03  2.13008342E-11 -1.06577847E-08  4.89788441E-06
 -7.33822548E-03  2.22477485E-11 -1.11120261E-08  5.09685842E-06
 -6.00400267E-03  2.32359304E-11 -1.15851806E-08  5.30370007E-06
 -4.66977985E-03  2.42670093E-11 -1.20780175E-08  5.51871184E-06
 -3.33555704E-03  2.53430037E-11 -1.25913357E-08  5.74220750E-06
 -2.00133422E-03  2.64657888E-11 -1.31259649E-08  5.97451257E-06
 -6.67111408E-04  2.76371419E-11 -1.36827712E-08  6.21596460E-06
  6.67111408E-04  2.88593944E-11 -1.42626521E-08  6.46691380E-06
  2.00133422E-03  3.01346019E-11 -1.48665407E-08  6.72772331E-06
  3.33555704E-03  3.14648898E-11 -1.54954087E-08  6.99876980E-06
  4.66977985E-03  3.28527927E-11 -1.61502626E-08  7.28044392E-06
  6.00400267E-03  3.43007433E-11 -1.68321524E-08  7.57315083E-06
  7.33822548E-03  3.58110834E-11 -1.75421688E-08  7.87731056E-06
  8.67244830E-03  3.73866023E-11 -1.82814438E-08  8.19335875E-06
  1.00066711E-02  3.90300986E-11 -1.90511543E-08  8.52174715E-06
  1.13408939E-02  4.07442969E-11 -1.98525238E-08  8.86294413E-06
  1.26751167E-02  4.25323112E-11 -2.06868236E-08  9.21743538E-06
  1.40093396E-02  4.43971480E-11 -2.15553763E-08  9.58572433E-06
  1.53435624E-02  4.63420564E-11 -2.24595534E-08  9.96833309E-06
  1.66777852E-02  4.83705409E-11 -2.34007822E-08  1.03658029E-05
  1.80120080E-02  5.04859698E-11 -2.43805439E-08  1.07786948E-05
  1.93462308E-02  5.26920656E-11 -2.54003809E-08  1.12075903E-05
  2.06804536E-02  5.49925986E-11 -2.64618922E-08  1.16530925E-05
  2.20146765E-02  5.73915197E-11 -2.75667421E-08  1.21158262E-05
  2.33488993E-02  5.98929537E-11 -2.87166567E-08  1.25964394E-05
  2.46831221E-02  6.25012639E-11 -2.99134305E-08  1.30956033E-05
  2.60173449E-02  6.52208880E-11 -3.11589291E-08  1.36140141E-05
  2.73515677E-02  6.80563715E-11 -3.24550899E-08  1.41523927E-05
  2.86857905E-02  7.10126511E-11 -3.38039229E-08  1.47114868E-05
  3.00200133E-02  7.40947977E-11 -3.52075192E-08  1.52920711E-05
  3.13542362E-02  7.73079802E-11 -3.66680495E-08  1.58949481E-05
  3.26884590E-02  8.06577211E-11 -3.81877698E-08  1.65209498E-05
  3.40226818E-02  8.41496239E-11 -3.97690196E-08  1.71709382E-05
  3.53569046E-02  8.77897236E-11 -4.14142335E-08  1.78458063E-05
  3.66911274E-02  9.15840977E-11 -4.31259371E-08  1.85464797E-05
  3.80253502E-02  9.55391159E-11 -4.49067549E-08  1.92739169E-05
  3.93595730E-02  9.96614991E-11 -4.67594083E-08  2.00291117E-05
  4.06937959E-02  1.03958200E-10 -4.86867303E-08  2.08130930E-05
  4.20280187E-02  1.08436477E-10 -5.06916571E-08  2.16269271E-05
  4.33622415E-02  1.13103725E-10 -5.27772396E-08  2.24717184E-05
  4.46964643E-02  1.17967828E-10 -5.49466478E-08  2.33486110E-05
  4.60306871E-02  1.23036864E-10 -5.72031699E-08  2.42587901E-05
  4.73649099E-02  1.28319390E-10 -5.95502198E-08  2.52034835E-05
  4.86991328E-02  1.33824147E-10 -6.19913459E-08  2.61839625E-05
  5.00333556E-02  1.39560357E-10 -6.45302280E-08  2.72015442E-05
  5.13675784E-02  1.45537471E-10 -6.71706888E-08  2.82575925E-05
  5.27018012E-02  1.51765436E-10 -6.99166968E-08  2.93535201E-05
  5.40360240E-02  1.58254559E-10 -7.27723692E-08  3.04907899E-05
  5.53702468E-02  1.65015580E-10 -7.57419853E-08  3.16709170E-05
  5.67044696E-02  1.72059746E-10 -7.88299805E-08  3.28954702E-05
  5.80386925E-02  1.79398534E-10 -8.20409645E-08  3.41660741E-05
  5.93729153E-02  1.87044049E-10 -8.53797185E-08  3.54844108E-05
  6.07071381E-02  1.95008894E-10 -8.88512052E-08  3.68522221E-05
  6.20413609E-02  2.03306123E-10 -9.24605787E-08  3.82713113E-05
  6.33755837E-02  2.11949344E-10 -9.62131845E-08  3.97435458E-05
  6.47098065E-02  2.20952661E-10 -1.00114573E-07  4.12708584E-05
  6.60440294E-02  2.30330830E-10 -1.04170501E-07  4.28552507E-05
  6.73782522E-02  2.40098988E-10 -1.08386950E-07  4.44987941E-05
  6.87124750E-02  2.50273273E-10 -1.12770116E-07  4.62036334E-05
  7.00466978E-02  2.60870012E-10 -1.17326439E-07  4.79719888E-05
  7.13809206E-02  2.71906489E-10 -1.22062596E-07  4.98061583E-05
  7.27151434E-02  2.83400612E-10 -1.26985515E-07  5.17085205E-05
  7.40493662E-02  2.95370886E-10 -1.32102388E-07  5.36815374E-05
  7.53835891E-02  3.07836715E-10 -1.37420674E-07  5.57277572E-05
  7.67178119E-02  3.20818168E-10 -1.42948115E-07  5.78498171E-05
  7.80520347E-02  3.34336193E-10 -1.48692738E-07  6.00504465E-05
  7.93862575E-02  3.48412415E-10 -1.54662876E-07  6.23324700E-05
  8.07204803E-02  3.63069570E-10 -1.60867171E-07  6.46988105E-05
  8.20547031E-02  3.78331025E-10 -1.67314590E-07  6.71524929E-05
  8.33889260E-02  3.94221181E-10 -1.74014432E-07  6.96966469E-05
  8.47231488E-02  4.10765632E-10 -1.80976346E-07  7.23345113E-05
  8.60573716E-02  4.27990470E-10 -1.88210340E-07  7.50694369E-05
  8.73915944E-02  4.45923335E-10 -1.95726793E-07  7.79048910E-05
  8.87258172E-02  4.64592676E-10 -2.03536473E-07  8.08444606E-05
  9.00600400E-02  4.84028206E-10 -2.11650545E-07  8.38918568E-05
  9.13942628E-02  5.04260590E-10 -2.20080595E-07  8.70509189E-05
  9.27284857E-02  5.25321919E-10 -2.28838631E-07  9.03256189E-05
  9.40627085E-02  5.47245544E-10 -2.37937112E-07  9.37200653E-05
  9.53969313E-02  5.70065930E-10 -2.47388957E-07  9.72385082E-05
  9.67311541E-02  5.93819216E-10 -2.57207562E-07  1.00885344E-04
  9.80653769E-02  6.18542574E-10 -2.67406821E-07  1.04665120E-04
  9.93995997E-02  6.44275019E-10 -2.78001139E-07  1.08582539E-04
  1.00733823E-01  6.71056690E-10 -2.89005452E-07  1.12642466E-04
  1.02068045E-01  6.98929739E-10 -3.00435252E-07  1.16849931E-04
  1.03402268E-01  7.27937567E-10 -3.12306596E-07  1.21210139E-04
  1.04736491E-01  7.58125586E-10 -3.24636136E-07  1.25728469E-04
  1.06070714E-01  7.89540811E-10 -3.37441133E-07  1.30410485E-04
  1.07404937E-01  8.22232083E-10 -3.50739487E-07  1.35261943E-04
  1.08739159E-01  8.56250346E-10 -3.64549751E-07  1.40288792E-04
  1.10073382E-01  8.91648236E-10 -3.78891161E-07  1.45497183E-04
  1.11407605E-01  9.28480650E-10 -3.93783656E-07  1.50893479E-04
  1.12741828E-01  9.66804656E-10 -4.09247907E-07  1.56484255E-04
  1.14076051E-01  1.00667932E-09 -4.25305342E-07  1.62276313E-04
  1.15410274E-01  1.04816612E-09 -4.41978170E-07  1.68276682E-04
  1.16744496E-01  1.09132912E-09 -4.59289410E-07  1.74492629E-04
  1.18078719E-01  1.13623454E-09 -4.77262926E-07  1.80931669E-04
  1.19412942E-01  1.18295139E-09 -4.95923445E-07  1.87601568E-04
  1.20747165E-01  1.23155122E-09 -5.15296600E-07  1.94510355E-04
  1.22081388E-01  1.28210849E-09 -5.35408958E-07  2.01666328E-04
  1.23415610E-01  1.33470051E-09 -5.56288042E-07  2.09078066E-04
  1.24749833E-01  1.38940740E-09 -5.77962387E-07  2.16754434E-04
  1.26084056E-01  1.44631271E-09 -6.00461555E-07  2.24704596E-04
  1.27418279E-01  1.50550288E-09 -6.23816185E-07  2.32938023E-04
  1.28752502E-01  1.56706794E-09 -6.48058022E-07  2.41464501E-04
  1.30086724E-01  1.63110124E-09 -6.73219961E-07  2.50294146E-04
  1.31420947E-01  1.69769969E-09 -6.99336090E-07  2.59437411E-04
  1.32755170E-01  1.76696420E-09 -7.26441721E-07  2.68905097E-04
  1.34089393E-01  1.83899926E-09 -7.54573449E-07  2.78708365E-04
  1.35423616E-01  1.91391356E-09 -7.83769181E-07  2.88858749E-04
  1.36757839E-01  1.99181988E-09 -8.14068198E-07  2.99368163E-04
  1.38092061E-01  2.07283538E-09 -8.45511186E-07  3.10248921E-04
  1.39426284E-01  2.15708165E-09 -8.78140302E-07  3.21513743E-04
  1.40760507E-01  2.24468504E-09 -9.11999212E-07  3.33175771E-04
  1.42094730E-01  2.33577669E-09 -9.47133153E-07  3.45248582E-04
  1.43428953E-01  2.43049265E-09 -9.83588986E-07  3.57746200E-04
  1.44763175E-01  2.52897442E-09 -1.02141525E-06  3.70683117E-04
  1.46097398E-01  2.63136874E-09 -1.06066221E-06  3.84074297E-04
  1.47431621E-01  2.73782793E-09 -1.10138195E-06  3.97935200E-04
  1.48765844E-01  2.84851021E-09 -1.14362841E-06  4.12281797E-04
  1.50100067E-01  2.96357984E-09 -1.18745744E-06  4.27130579E-04
  1.51434290E-01  3.08320730E-09 -1.23292690E-06  4.42498582E-04
  1.52768512E-01  3.20756947E-09 -1.28009671E-06  4.58403399E-04
  1.54102735E-01  3.33685023E-09 -1.32902891E-06  4.74863201E-04
  1.55436958E-01  3.47124016E-09 -1.37978777E-06  4.91896752E-04
  1.56771181E-01  3.61093726E-09 -1.43243982E-06  5.09523430E-04
  1.58105404E-01  3.75614696E-09 -1.48705398E-06  5.27763245E-04
  1.59439626E-01  3.90708258E-09 -1.54370159E-06  5.46636859E-04
  1.60773849E-01  4.06396550E-09 -1.60245653E-06  5.66165609E-04
  1.62108072E-01  4.22702521E-09 -1.66339531E-06  5.86371525E-04
  1.63442295E-01  4.39650051E-09 -1.72659712E-06  6.07277351E-04
  1.64776518E-01  4.57263867E-09 -1.79214397E-06  6.28906572E-04
  1.66110740E-01  4.75569646E-09 -1.86012076E-06  6.51283433E-04
  1.67444963E-01  4.94594051E-09 -1.93061539E-06  6.74432964E-04
  1.68779186E-01  5.14364738E-09 -2.00371887E-06  6.98381005E-04
  1.70113409E-01  5.34910402E-09 -2.07952539E-06  7.23154229E-04
  1.71447632E-01  5.56260833E-09 -2.15813247E-06  7.48780173E-04
  1.72781855E-01  5.78446926E-09 -2.23964107E-06  7.75287258E-04
  1.74116077E-01  6.01500765E-09 -2.32415568E-06  8.02704823E-04
  1.75450300E-01  6.25455620E-09 -2.41178447E-06  8.31063147E-04
  1.76784523E-01  6.50346011E-09 -2.50263940E-06  8.60393485E-04
  1.78118746E-01  6.76207766E-09 -2.59683635E-06  8.90728092E-04
  1.79452969E-01  7.03078054E-09 -2.69449526E-06  9.22100256E-04
  1.80787191E-01  7.30995441E-09 -2.79574027E-06  9.54544334E-04
  1.82121414E-01  7.59999926E-09 -2.90069986E-06  9.88095777E-04
  1.83455637E-01  7.90133015E-09 -3.00950698E-06  1.02279117E-03
  1.84789860E-01  8.21437769E-09 -3.12229924E-06  1.05866826E-03
  1.86124083E-01  8.53958868E-09 -3.23921903E-06  1.09576601E-03
  1.87458306E-01  8.87742636E-09 -3.36041370E-06  1.13412461E-03
  1.88792528E-01  9.22837152E-09 -3.48603574E-06  1.17378553E-03
  1.90126751E-01  9.59292277E-09 -3.61624294E-06  1.21479154E-03
  1.91460974E-01  9.97159735E-09 -3.75119855E-06  1.25718681E-03
  1.92795197E-01  1.03649319E-08 -3.89107150E-06  1.30101686E-03
  1.94129420E-01  1.07734826E-08 -4.03603658E-06  1.34632868E-03
  1.95463642E-01  1.11978270E-08 -4.18627462E-06  1.39317073E-03
  1.96797865E-01  1.16385635E-08 -4.34197273E-06  1.44159300E-03
  1.98132088E-01  1.20963134E-08 -4.50332448E-06  1.49164706E-03
  1.99466311E-01  1.25717202E-08 -4.67053011E-06  1.54338611E-03
  2.00800534E-01  1.30654520E-08 -4.84379679E-06  1.59686500E-03
  2.02134757E-01  1.35782016E-08 -5.02333884E-06  1.65214033E-03
  2.03468979E-01  1.41106870E-08 -5.20937795E-06  1.70927044E-03
  2.04803202E-01  1.46636534E-08 -5.40214344E-06  1.76831554E-03
  2.06137425E-01  1.52378731E-08 -5.60187252E-06  1.82933769E-03
  2.07471648E-01  1.58341473E-08 -5.80881056E-06  1.89240090E-03
  2.08805871E-01  1.64533063E-08 -6.02321135E-06  1.95757117E-03
  2.10140093E-01  1.70962118E-08 -6.24533738E-06  2.02491658E-03
  2.11474316E-01  1.77637567E-08 -6.47546012E-06  2.09450730E-03
  2.12808539E-01  1.84568671E-08 -6.71386038E-06  2.16641571E-03
  2.14142762E-01  1.91765032E-08 -6.96082852E-06  2.24071641E-03
  2.15476985E-01  1.99236603E-08 -7.21666488E-06  2.31748633E-03
  2.16811207E-01  2.06993706E-08 -7.48168000E-06  2.39680478E-03
  2.18145430E-01  2.15047045E-08 -7.75619506E-06  2.47875352E-03
  2.19479653E-01  2.23407712E-08 -8.04054215E-06  2.56341685E-03
  2.20813876E-01  2.32087206E-08 -8.33506471E-06  2.65088166E-03
  2.22148099E-01  2.41097455E-08 -8.64011784E-06  2.74123750E-03
  2.23482322E-01  2.50450818E-08 -8.95606870E-06  2.83457672E-03
  2.24816544E-01  2.60160108E-08 -9.28329694E-06  2.93099447E-03
  2.26150767E-01  2.70238610E-08 -9.62219509E-06  3.03058885E-03
  2.27484990E-01  2.80700091E-08 -9.97316900E-06  3.13346094E-03
  2.28819213E-01  2.91558824E-08 -1.03366382E-05  3.23971494E-03
  2.30153436E-01  3.02829604E-08 -1.07130366E-05  3.34945824E-03
  2.31487658E-01  3.14527765E-08 -1.11028125E-05  3.46280149E-03
  2.32821881E-01  3.26669200E-08 -1.15064295E-05  3.57985873E-03
  2.34156104E-01  3.39270384E-08 -1.19243670E-05  3.70074747E-03
  2.35490327E-01  3.52348389E-08 -1.23571202E-05  3.82558880E-03
  2.36824550E-01  3.65920912E-08 -1.28052013E-05  3.95450750E-03
  2.38158773E-01  3.80006293E-08 -1.32691397E-05  4.08763212E-03
  2.39492995E-01  3.94623537E-08 -1.37494824E-05  4.22509511E-03
  2.40827218E-01  4.09792342E-08 -1.42467950E-05  4.36703296E-03
  2.42161441E-01  4.25533121E-08 -1.47616620E-05  4.51358624E-03
  2.43495664E-01  4.41867025E-08 -1.52946874E-05  4.66489981E-03
  2.44829887E-01  4.58815977E-08 -1.58464957E-05  4.82112287E-03
  2.46164109E-01  4.76402692E-08 -1.64177320E-05  4.98240914E-03
  2.47498332E-01  4.94650704E-08 -1.70090632E-05  5.14891694E-03
  2.48832555E-01  5.13584406E-08 -1.76211784E-05  5.32080935E-03
  2.50166778E-01  5.33229069E-08 -1.82547898E-05  5.49825438E-03
  2.51501001E-01  5.53610877E-08 -1.89106331E-05  5.68142502E-03
  2.52835223E-01  5.74756959E-08 -1.95894688E-05  5.87049948E-03
  2.54169446E-01  5.96695428E-08 -2.02920826E-05  6.06566128E-03
  2.55503669E-01  6.19455406E-08 -2.10192864E-05  6.26709942E-03
  2.56837892E-01  6.43067066E-08 -2.17719191E-05  6.47500854E-03
  2.58172115E-01  6.67561670E-08 -2.25508472E-05  6.68958906E-03
  2.59506338E-01  6.92971602E-08 -2.33569663E-05  6.91104738E-03
  2.60840560E-01  7.19330412E-08 -2.41912014E-05  7.13959602E-03
  2.62174783E-01  7.46672858E-08 -2.50545084E-05  7.37545380E-03
  2.63509006E-01  7.75034944E-08 -2.59478747E-05  7.61884602E-03
  2.64843229E-01  8.04453967E-08 -2.68723202E-05  7.87000465E-03
  2.66177452E-01  8.34968563E-08 -2.78288988E-05  8.12916851E-03
  2.67511674E-01  8.66618753E-08 -2.88186988E-05  8.39658344E-03
  2.68845897E-01  8.99445991E-08 -2.98428447E-05  8.67250257E-03
  2.70180120E-01  9.33493215E-08 -3.09024978E-05  8.95718643E-03
  2.71514343E-01  9.68804900E-08 -3.19988578E-05  9.25090324E-03
  2.72848566E-01  1.00542711E-07 -3.31331638E-05  9.55392906E-03
  2.74182789E-01  1.04340756E-07 -3.43066955E-05  9.86654805E-03
  2.75517011E-01  1.08279566E-07 -3.55207746E-05  1.01890527E-02
  2.76851234E-01  1.12364258E-07 -3.67767663E-05  1.05217440E-02
  2.78185457E-01  1.16600133E-07 -3.80760804E-05  1.08649317E-02
  2.79519680E-01  1.20992681E-07 -3.94201728E-05  1.12189348E-02
  2.80853903E-01  1.25547585E-07 -4.08105470E-05  1.15840812E-02
  2.82188125E-01  1.30270733E-07 -4.22487558E-05  1.19607087E-02
  2.83522348E-01  1.35168220E-07 -4.37364026E-05  1.23491647E-02
  2.84856571E-01  1.40246359E-07 -4.52751428E-05  1.27498066E-02
  2.86190794E-01  1.45511688E-07 -4.68666861E-05  1.31630023E-02
  2.87525017E-01  1.50970976E-07 -4.85127977E-05  1.35891302E-02
  2.88859239E-01  1.56631231E-07 -5.02153002E-05  1.40285799E-02
  2.90193462E-01  1.62499712E-07 -5.19760754E-05  1.44817518E-02
  2.91527685E-01  1.68583933E-07 -5.37970662E-05  1.49490581E-02
  2.92861908E-01  1.74891674E-07 -5.56802785E-05  1.54309228E-02
  2.94196131E-01  1.81430991E-07 -5.76277831E-05  1.59277820E-02
  2.95530354E-01  1.88210226E-07 -5.96417181E-05  1.64400843E-02
  2.96864576E-01  1.95238013E-07 -6.17242904E-05  1.69682913E-02
  2.98198799E-01  2.02523292E-07 -6.38777785E-05  1.75128775E-02
  2.99533022E-01  2.10075320E-07 -6.61045341E-05  1.80743312E-02
  3.00867245E-01  2.17903678E-07 -6.84069851E-05  1.86531543E-02
  3.02201468E-01  2.26018285E-07 -7.07876375E-05  1.92498634E-02
  3.03535690E-01  2.34429411E-07 -7.32490777E-05  1.98649894E-02
  3.04869913E-01  2.43147685E-07 -7.57939758E-05  2.04990784E-02
  3.06204136E-01  2.52184113E-07 -7.84250871E-05  2.11526919E-02
  3.07538359E-01  2.61550083E-07 -8.11452559E-05  2.18264074E-02
  3.08872582E-01  2.71257388E-07 -8.39574173E-05  2.25208187E-02
  3.10206805E-01  2.81318231E-07 -8.68646006E-05  2.32365361E-02
  3.11541027E-01  2.91745245E-07 -8.98699321E-05  2.39741872E-02
  3.12875250E-01  3.02551506E-07 -9.29766381E-05  2.47344175E-02
  3.14209473E-01  3.13750547E-07 -9.61880477E-05  2.55178903E-02
  3.15543696E-01  3.25356375E-07 -9.95075967E-05  2.63252875E-02
  3.16877919E-01  3.37383487E-07 -1.02938830E-04  2.71573102E-02
  3.18212141E-01  3.49846887E-07 -1.06485406E-04  2.80146791E-02
  3.19546364E-01  3.62762103E-07 -1.10151099E-04  2.88981348E-02
  3.20880587E-01  3.76145206E-07 -1.13939804E-04  2.98084388E-02
  3.22214810E-01  3.90012826E-07 -1.17855538E-04  3.07463735E-02
  3.23549033E-01  4.04382174E-07 -1.21902449E-04  3.17127433E-02
  3.24883256E-01  4.19271062E-07 -1.26084812E-04  3.27083746E-02
  3.26217478E-01  4.34697919E-07 -1.30407041E-04  3.37341170E-02
  3.27551701E-01  4.50681818E-07 -1.34873689E-04  3.47908432E-02
  3.28885924E-01  4.67242494E-07 -1.39489451E-04  3.58794503E-02
  3.30220147E-01  4.84400370E-07 -1.44259173E-04  3.70008599E-02
  3.31554370E-01  5.02176575E-07 -1.49187853E-04  3.81560190E-02
  3.32888592E-01  5.20592975E-07 -1.54280644E-04  3.93459008E-02
  3.34222815E-01  5.39672192E-07 -1.59542866E-04  4.05715048E-02
  3.35557038E-01  5.59437633E-07 -1.64980004E-04  4.18338582E-02
  3.36891261E-01  5.79913516E-07 -1.70597714E-04  4.31340159E-02
  3.38225484E-01  6.01124898E-07 -1.76401832E-04  4.44730621E-02
  3.39559706E-01  6.23097702E-07 -1.82398376E-04  4.58521100E-02
  3.40893929E-01  6.45858747E-07 -1.88593553E-04  4.72723033E-02
  3.42228152E-01  6.69435781E-07 -1.94993765E-04  4.87348169E-02
  3.43562375E-01  6.93857509E-07 -2.01605613E-04  5.02408572E-02
  3.44896598E-01  7.19153626E-07 -2.08435906E-04  5.17916634E-02
  3.46230821E-01  7.45354851E-07 -2.15491664E-04  5.33885084E-02
  3.47565043E-01  7.72492963E-07 -2.22780127E-04  5.50326989E-02
  3.48899266E-01  8.00600836E-07 -2.30308759E-04  5.67255773E-02
  3.50233489E-01  8.29712475E-07 -2.38085260E-04  5.84685217E-02
  3.51567712E-01  8.59863054E-07 -2.46117567E-04  6.02629475E-02
  3.52901935E-01  8.91088957E-07 -2.54413863E-04  6.21103076E-02
  3.54236157E-01  9.23427819E-07 -2.62982587E-04  6.40120942E-02
  3.55570380E-01  9.56918565E-07 -2.71832438E-04  6.59698389E-02
  3.56904603E-01  9.91601459E-07 -2.80972387E-04  6.79851143E-02
  3.58238826E-01  1.02751814E-06 -2.90411680E-04  7.00595349E-02
  3.59573049E-01  1.06471169E-06 -3.00159851E-04  7.21947580E-02
  3.60907272E-01  1.10322664E-06 -3.10226727E-04  7.43924847E-02
  3.62241494E-01  1.14310907E-06 -3.20622440E-04  7.66544613E-02
  3.63575717E-01  1.18440662E-06 -3.31357433E-04  7.89824800E-02
  3.64909940E-01  1.22716856E-06 -3.42442472E-04  8.13783805E-02
  3.66244163E-01  1.27144587E-06 -3.53888653E-04  8.38440506E-02
  3.67578386E-01  1.31729122E-06 -3.65707414E-04  8.63814279E-02
  3.68912608E-01  1.36475913E-06 -3.77910544E-04  8.89925007E-02
  3.70246831E-01  1.41390594E-06 -3.90510195E-04  9.16793095E-02
  3.71581054E-01  1.46478993E-06 -4.03518890E-04  9.44439478E-02
  3.72915277E-01  1.51747136E-06 -4.16949536E-04  9.72885639E-02
  3.74249500E-01  1.57201255E-06 -4.30815434E-04  1.00215362E-01
  3.75583722E-01  1.62847791E-06 -4.45130294E-04  1.03226603E-01
  3.76917945E-01  1.68693408E-06 -4.59908242E-04  1.06324608E-01
  3.78252168E-01  1.74744993E-06 -4.75163836E-04  1.09511756E-01
  3.79586391E-01  1.81009669E-06 -4.90912079E-04  1.12790489E-01
  3.80920614E-01  1.87494801E-06 -5.07168428E-04  1.16163312E-01
  3.82254837E-01  1.94208000E-06 -5.23948811E-04  1.19632793E-01
  3.83589059E-01  2.01157140E-06 -5.41269641E-04  1.23201566E-01
  3.84923282E-01  2.08350358E-06 -5.59147830E-04  1.26872336E-01
  3.86257505E-01  2.15796069E-06 -5.77600798E-04  1.30647872E-01
  3.87591728E-01  2.23502969E-06 -5.96646499E-04  1.34531017E-01
  3.88925951E-01  2.31480053E-06 -6.16303425E-04  1.38524685E-01
  3.90260173E-01  2.39736615E-06 -6.36590630E-04  1.42631866E-01
  3.91594396E-01  2.48282266E-06 -6.57527743E-04  1.46855624E-01
  3.92928619E-01  2.57126940E-06 -6.79134983E-04  1.51199101E-01
  3.94262842E-01  2.66280906E-06 -7.01433181E-04  1.55665518E-01
  3.95597065E-01  2.75754780E-06 -7.24443794E-04  1.60258178E-01
  3.96931288E-01  2.85559534E-06 -7.48188924E-04  1.64980468E-01
  3.98265510E-01  2.95706510E-06 -7.72691337E-04  1.69835857E-01
  3.99599733E-01  3.06207433E-06 -7.97974484E-04  1.74827903E-01
  4.00933956E-01  3.17074420E-06 -8.24062515E-04  1.79960254E-01
  4.02268179E-01  3.28319995E-06 -8.50980307E-04  1.85236647E-01
  4.03602402E-01  3.39957105E-06 -8.78753481E-04  1.90660913E-01
  4.04936624E-01  3.51999128E-06 -9.07408421E-04  1.96236978E-01
  4.06270847E-01  3.64459895E-06 -9.36972302E-04  2.01968865E-01
  4.07605070E-01  3.77353696E-06 -9.67473107E-04  2.07860696E-01
  4.08939293E-01  3.90695302E-06 -9.98939653E-04  2.13916697E-01
  4.10273516E-01  4.04499978E-06 -1.03140162E-03  2.20141196E-01
  4.11607738E-01  4.18783501E-06 -1.06488955E-03  2.26538627E-01
  4.12941961E-01  4.33562172E-06 -1.09943493E-03  2.33113535E-01
  4.14276184E-01  4.48852841E-06 -1.13507015E-03  2.39870574E-01
  4.15610407E-01  4.64672917E-06 -1.17182856E-03  2.46814512E-01
  4.16944630E-01  4.81040393E-06 -1.20974451E-03  2.53950234E-01
  4.18278853E-01  4.97973859E-06 -1.24885337E-03  2.61282743E-01
  4.19613075E-01  5.15492527E-06 -1.28919154E-03  2.68817162E-01
  4.20947298E-01  5.33616249E-06 -1.33079650E-03  2.76558740E-01
  4.22281521E-01  5.52365535E-06 -1.37370683E-03  2.84512852E-01
  4.23615744E-01  5.71761581E-06 -1.41796227E-03  2.92685001E-01
  4.24949967E-01  5.91826286E-06 -1.46360369E-03  3.01080823E-01
  4.26284189E-01  6.12582277E-06 -1.51067319E-03  3.09706089E-01
  4.27618412E-01  6.34052932E-06 -1.55921409E-03  3.18566708E-01
  4.28952635E-01  6.56262406E-06 -1.60927100E-03  3.27668729E-01
  4.30286858E-01  6.79235654E-06 -1.66088982E-03  3.37018346E-01
  4.31621081E-01  7.02998459E-06 -1.71411778E-03  3.46621897E-01
  4.32955304E-01  7.27577457E-06 -1.76900352E-03  3.56485874E-01
  4.34289526E-01  7.53000169E-06 -1.82559708E-03  3.66616918E-01
  4.35623749E-01  7.79295024E-06 -1.88394997E-03  3.77021829E-01
  4.36957972E-01  8.06491392E-06 -1.94411519E-03  3.87707564E-01
  4.38292195E-01  8.34619612E-06 -2.00614728E-03  3.98681246E-01
  4.39626418E-01  8.63711029E-06 -2.07010239E-03  4.09950161E-01
  4.40960640E-01  8.93798019E-06 -2.13603826E-03  4.21521766E-01
  4.42294863E-01  9.24914028E-06 -2.20401434E-03  4.33403691E-01
  4.43629086E-01  9.57093604E-06 -2.27409177E-03  4.45603742E-01
  4.44963309E-01  9.90372434E-06 -2.34633349E-03  4.58129906E-01
  4.46297532E-01  1.02478738E-05 -2.42080424E-03  4.70990352E-01
  4.47631755E-01  1.06037652E-05 -2.49757064E-03  4.84193439E-01
  4.48965977E-01  1.09717918E-05 -2.57670120E-03  4.97747715E-01
  4.50300200E-01  1.13523598E-05 -2.65826645E-03  5.11661924E-01
  4.51634423E-01  1.17458887E-05 -2.74233891E-03  5.25945008E-01
  4.52968646E-01  1.21528119E-05 -2.82899320E-03  5.40606114E-01
  4.54302869E-01  1.25735770E-05 -2.91830608E-03  5.55654592E-01
  4.55637091E-01  1.30086461E-05 -3.01035651E-03  5.71100006E-01
  4.56971314E-01  1.34584967E-05 -3.10522572E-03  5.86952135E-01
  4.58305537E-01  1.39236217E-05 -3.20299723E-03  6.03220973E-01
  4.59639760E-01  1.44045303E-05 -3.30375698E-03  6.19916743E-01
  4.60973983E-01  1.49017484E-05 -3.40759334E-03  6.37049890E-01
  4.62308205E-01  1.54158189E-05 -3.51459723E-03  6.54631095E-01
  4.63642428E-01  1.59473025E-05 -3.62486211E-03  6.72671273E-01
  4.64976651E-01  1.64967784E-05 -3.73848413E-03  6.91181581E-01
  4.66310874E-01  1.70648446E-05 -3.85556217E-03  7.10173419E-01
  4.67645097E-01  1.76521184E-05 -3.97619790E-03  7.29658438E-01
  4.68979320E-01  1.82592376E-05 -4.10049587E-03  7.49648545E-01
  4.70313542E-01  1.88868604E-05 -4.22856360E-03  7.70155902E-01
  4.71647765E-01  1.95356668E-05 -4.36051164E-03  7.91192938E-01
  4.72981988E-01  2.02063586E-05 -4.49645365E-03  8.12772349E-01
  4.74316211E-01  2.08996607E-05 -4.63650652E-03  8.34907105E-01
  4.75650434E-01  2.16163214E-05 -4.78079041E-03  8.57610452E-01
  4.76984656E-01  2.23571133E-05 -4.92942885E-03  8.80895923E-01
  4.78318879E-01  2.31228342E-05 -5.08254887E-03  9.04777335E-01
  4.79653102E-01  2.39143078E-05 -5.24028104E-03  9.29268800E-01
  4.80987325E-01  2.47323844E-05 -5.40275959E-03  9.54384728E-01
  4.82321548E-01  2.55779418E-05 -5.57012251E-03  9.80139832E-01
  4.83655771E-01  2.64518865E-05 -5.74251164E-03  1.00654913E+00
  4.84989993E-01  2.73551541E-05 -5.92007279E-03  1.03362797E+00
  4.86324216E-01  2.82887106E-05 -6.10295581E-03  1.06139199E+00
  4.87658439E-01  2.92535532E-05 -6.29131474E-03  1.08985718E+00
  4.88992662E-01  3.02507114E-05 -6.48530791E-03  1.11903984E+00
  4.90326885E-01  3.12812477E-05 -6.68509802E-03  1.14895662E+00
  4.91661107E-01  3.23462593E-05 -6.89085230E-03  1.17962451E+00
  4.92995330E-01  3.34468784E-05 -7.10274261E-03  1.21106082E+00
  4.94329553E-01  3.45842740E-05 -7.32094556E-03  1.24328324E+00
  4.95663776E-01  3.57596527E-05 -7.54564262E-03  1.27630981E+00
  4.96997999E-01  3.69742598E-05 -7.77702029E-03  1.31015893E+00
  4.98332221E-01  3.82293809E-05 -8.01527021E-03  1.34484938E+00
  4.99666444E-01  3.95263428E-05 -8.26058926E-03  1.38040028E+00
  5.01000667E-01  4.08665151E-05 -8.51317976E-03  1.41683117E+00
  5.02334890E-01  4.22513113E-05 -8.77324957E-03  1.45416194E+00
  5.03669113E-01  4.36821903E-05 -9.04101223E-03  1.49241291E+00
  5.05003336E-01  4.51606579E-05 -9.31668715E-03  1.53160476E+00
  5.06337558E-01  4.66882681E-05 -9.60049972E-03  1.57175859E+00
  5.07671781E-01  4.82666248E-05 -9.89268147E-03  1.61289590E+00
  5.09006004E-01  4.98973834E-05 -1.01934703E-02  1.65503862E+00
  5.10340227E-01  5.15822519E-05 -1.05031104E-02  1.69820908E+00
  5.11674450E-01  5.33229935E-05 -1.08218529E-02  1.74243005E+00
  5.13008672E-01  5.51214274E-05 -1.11499554E-02  1.78772471E+00
  5.14342895E-01  5.69794311E-05 -1.14876828E-02  1.83411671E+00
  5.15677118E-01  5.88989421E-05 -1.18353069E-02  1.88163011E+00
  5.17011341E-01  6.08819597E-05 -1.21931071E-02  1.93028943E+00
  5.18345564E-01  6.29305472E-05 -1.25613701E-02  1.98011965E+00
  5.19679787E-01  6.50468334E-05 -1.29403904E-02  2.03114621E+00
  5.21014009E-01  6.72330151E-05 -1.33304705E-02  2.08339500E+00
  5.22348232E-01  6.94913592E-05 -1.37319209E-02  2.13689239E+00
  5.23682455E-01  7.18242047E-05 -1.41450606E-02  2.19166523E+00
  5.25016678E-01  7.42339649E-05 -1.45702170E-02  2.24774084E+00
  5.26350901E-01  7.67231300E-05 -1.50077263E-02  2.30514705E+00
  5.27685123E-01  7.92942694E-05 -1.54579337E-02  2.36391215E+00
  5.29019346E-01  8.19500340E-05 -1.59211935E-02  2.42406495E+00
  5.30353569E-01  8.46931590E-05 -1.63978696E-02  2.48563475E+00
  5.31687792E-01  8.75264661E-05 -1.68883355E-02  2.54865138E+00
  5.33022015E-01  9.04528668E-05 -1.73929745E-02  2.61314515E+00
  5.34356237E-01  9.34753649E-05 -1.79121802E-02  2.67914691E+00
  5.35690460E-01  9.65970591E-05 -1.84463566E-02  2.74668803E+00
  5.37024683E-01  9.98211464E-05 -1.89959183E-02  2.81580040E+00
  5.38358906E-01  1.03150925E-04 -1.95612909E-02  2.88651644E+00
  5.39693129E-01  1.06589797E-04 -2.01429112E-02  2.95886912E+00
  5.41027352E-01  1.10141273E-04 -2.07412275E-02  3.03289194E+00
  5.42361574E-01  1.13808973E-04 -2.13566998E-02  3.10861894E+00
  5.43695797E-01  1.17596633E-04 -2.19898001E-02  3.18608472E+00
  5.45030020E-01  1.21508105E-04 -2.26410131E-02  3.26532443E+00
  5.46364243E-01  1.25547364E-04 -2.33108356E-02  3.34637376E+00
  5.47698466E-01  1.29718511E-04 -2.39997779E-02  3.42926897E+00
  5.49032688E-01  1.34025773E-04 -2.47083633E-02  3.51404690E+00
  5.50366911E-01  1.38473513E-04 -2.54371287E-02  3.60074492E+00
  5.51701134E-01  1.43066230E-04 -2.61866250E-02  3.68940099E+00
  5.53035357E-01  1.47808566E-04 -2.69574174E-02  3.78005364E+00
  5.54369580E-01  1.52705307E-04 -2.77500856E-02  3.87274197E+00
  5.55703803E-01  1.57761389E-04 -2.85652244E-02  3.96750564E+00
  5.57038025E-01  1.62981906E-04 -2.94034439E-02  4.06438491E+00
  5.58372248E-01  1.68372108E-04 -3.02653697E-02  4.16342059E+00
  5.59706471E-01  1.73937413E-04 -3.11516439E-02  4.26465409E+00
  5.61040694E-01  1.79683407E-04 -3.20629245E-02  4.36812740E+00
  5.62374917E-01  1.85615851E-04 -3.29998868E-02  4.47388306E+00
  5.63709139E-01  1.91740687E-04 -3.39632232E-02  4.58196422E+00
  5.65043362E-01  1.98064043E-04 -3.49536436E-02  4.69241460E+00
  5.66377585E-01  2.04592237E-04 -3.59718763E-02  4.80527849E+00
  5.67711808E-01  2.11331788E-04 -3.70186677E-02  4.92060075E+00
  5.69046031E-01  2.18289414E-04 -3.80947834E-02  5.03842684E+00
  5.70380254E-01  2.25472048E-04 -3.92010084E-02  5.15880276E+00
  5.71714476E-01  2.32886834E-04 -4.03381473E-02  5.28177510E+00
  5.73048699E-01  2.40541142E-04 -4.15070252E-02  5.40739100E+00
  5.74382922E-01  2.48442572E-04 -4.27084878E-02  5.53569819E+00
  5.75717145E-01  2.56598960E-04 -4.39434023E-02  5.66674492E+00
  5.77051368E-01  2.65018384E-04 -4.52126573E-02  5.80058002E+00
  5.78385590E-01  2.73709178E-04 -4.65171639E-02  5.93725285E+00
  5.79719813E-01  2.82679930E-04 -4.78578557E-02  6.07681331E+00
  5.81054036E-01  2.91939498E-04 -4.92356898E-02  6.21931186E+00
  5.82388259E-01  3.01497015E-04 -5.06516470E-02  6.36479946E+00
  5.83722482E-01  3.11361898E-04 -5.21067325E-02  6.51332758E+00
  5.85056704E-01  3.21543854E-04 -5.36019762E-02  6.66494823E+00
  5.86390927E-01  3.32052893E-04 -5.51384336E-02  6.81971389E+00
  5.87725150E-01  3.42899336E-04 -5.67171863E-02  6.97767754E+00
  5.89059373E-01  3.54093821E-04 -5.83393424E-02  7.13889264E+00
  5.90393596E-01  3.65647318E-04 -6.00060372E-02  7.30341310E+00
  5.91727819E-01  3.77571135E-04 -6.17184338E-02  7.47129330E+00
  5.93062041E-01  3.89876932E-04 -6.34777239E-02  7.64258804E+00
  5.94396264E-01  4.02576726E-04 -6.52851280E-02  7.81735255E+00
  5.95730487E-01  4.15682907E-04 -6.71418966E-02  7.99564247E+00
  5.97064710E-01  4.29208250E-04 -6.90493104E-02  8.17751381E+00
  5.98398933E-01  4.43165920E-04 -7.10086811E-02  8.36302298E+00
  5.99733155E-01  4.57569491E-04 -7.30213521E-02  8.55222670E+00
  6.01067378E-01  4.72432955E-04 -7.50886994E-02  8.74518206E+00
  6.02401601E-01  4.87770735E-04 -7.72121318E-02  8.94194643E+00
  6.03735824E-01  5.03597698E-04 -7.93930922E-02  9.14257748E+00
  6.05070047E-01  5.19929168E-04 -8.16330578E-02  9.34713314E+00
  6.06404270E-01  5.36780943E-04 -8.39335413E-02  9.55567157E+00
  6.07738492E-01  5.54169304E-04 -8.62960912E-02  9.76825114E+00
  6.09072715E-01  5.72111033E-04 -8.87222931E-02  9.98493041E+00
  6.10406938E-01  5.90623429E-04 -9.12137699E-02  1.02057681E+01
  6.11741161E-01  6.09724319E-04 -9.37721831E-02  1.04308230E+01
  6.13075384E-01  6.29432081E-04 -9.63992331E-02  1.06601540E+01
  6.14409606E-01  6.49765653E-04 -9.90966607E-02  1.08938201E+01
  6.15743829E-01  6.70744556E-04 -1.01866247E-01  1.11318802E+01
  6.17078052E-01  6.92388908E-04 -1.04709816E-01  1.13743934E+01
  6.18412275E-01  7.14719442E-04 -1.07629232E-01  1.16214184E+01
  6.19746498E-01  7.37757526E-04 -1.10626404E-01  1.18730142E+01
  6.21080720E-01  7.61525183E-04 -1.13703287E-01  1.21292393E+01
  6.22414943E-01  7.86045108E-04 -1.16861879E-01  1.23901522E+01
  6.23749166E-01  8.11340689E-04 -1.20104223E-01  1.26558111E+01
  6.25083389E-01  8.37436028E-04 -1.23432413E-01  1.29262738E+01
  6.26417612E-01  8.64355963E-04 -1.26848587E-01  1.32015981E+01
  6.27751835E-01  8.92126091E-04 -1.30354934E-01  1.34818411E+01
  6.29086057E-01  9.20772787E-04 -1.33953693E-01  1.37670596E+01
  6.30420280E-01  9.50323232E-04 -1.37647153E-01  1.40573096E+01
  6.31754503E-01  9.80805432E-04 -1.41437655E-01  1.43526471E+01
  6.33088726E-01  1.01224825E-03 -1.45327594E-01  1.46531269E+01
  6.34422949E-01  1.04468142E-03 -1.49319417E-01  1.49588034E+01
  6.35757171E-01  1.07813558E-03 -1.53415628E-01  1.52697302E+01
  6.37091394E-01  1.11264231E-03 -1.57618785E-01  1.55859600E+01
  6.38425617E-01  1.14823415E-03 -1.61931505E-01  1.59075447E+01
  6.39759840E-01  1.18494460E-03 -1.66356462E-01  1.62345350E+01
  6.41094063E-01  1.22280821E-03 -1.70896390E-01  1.65669809E+01
  6.42428286E-01  1.26186056E-03 -1.75554081E-01  1.69049310E+01
  6.43762508E-01  1.30213832E-03 -1.80332391E-01  1.72484326E+01
  6.45096731E-01  1.34367925E-03 -1.85234239E-01  1.75975318E+01
  6.46430954E-01  1.38652228E-03 -1.90262604E-01  1.79522734E+01
  6.47765177E-01  1.43070750E-03 -1.95420535E-01  1.83127004E+01
  6.49099400E-01  1.47627621E-03 -2.00711142E-01  1.86788546E+01
  6.50433622E-01  1.52327097E-03 -2.06137605E-01  1.90507757E+01
  6.51767845E-01  1.57173563E-03 -2.11703173E-01  1.94285018E+01
  6.53102068E-01  1.62171534E-03 -2.17411162E-01  1.98120691E+01
  6.54436291E-01  1.67325664E-03 -2.23264961E-01  2.02015117E+01
  6.55770514E-01  1.72640746E-03 -2.29268029E-01  2.05968615E+01
  6.57104736E-01  1.78121717E-03 -2.35423901E-01  2.09981483E+01
  6.58438959E-01  1.83773665E-03 -2.41736182E-01  2.14053993E+01
  6.59773182E-01  1.89601828E-03 -2.48208558E-01  2.18186395E+01
  6.61107405E-01  1.95611604E-03 -2.54844788E-01  2.22378909E+01
  6.62441628E-01  2.01808553E-03 -2.61648710E-01  2.26631729E+01
  6.63775851E-01  2.08198403E-03 -2.68624242E-01  2.30945019E+01
  6.65110073E-01  2.14787051E-03 -2.75775383E-01  2.35318913E+01
  6.66444296E-01  2.21580574E-03 -2.83106213E-01  2.39753512E+01
  6.67778519E-01  2.28585232E-03 -2.90620895E-01  2.44248885E+01
  6.69112742E-01  2.35807470E-03 -2.98323678E-01  2.48805063E+01
  6.70446965E-01  2.43253929E-03 -3.06218895E-01  2.53422042E+01
  6.71781187E-01  2.50931447E-03 -3.14310967E-01  2.58099779E+01
  6.73115410E-01  2.58847069E-03 -3.22604404E-01  2.62838189E+01
  6.74449633E-01  2.67008048E-03 -3.31103804E-01  2.67637147E+01
  6.75783856E-01  2.75421858E-03 -3.39813856E-01  2.72496483E+01
  6.77118079E-01  2.84096193E-03 -3.48739343E-01  2.77415981E+01
  6.78452302E-01  2.93038978E-03 -3.57885139E-01  2.82395377E+01
  6.79786524E-01  3.02258377E-03 -3.67256215E-01  2.87434357E+01
  6.81120747E-01  3.11762795E-03 -3.76857637E-01  2.92532556E+01
  6.82454970E-01  3.21560889E-03 -3.86694566E-01  2.97689553E+01
  6.83789193E-01  3.31661575E-03 -3.96772265E-01  3.02904873E+01
  6.85123416E-01  3.42074033E-03 -4.07096095E-01  3.08177981E+01
  6.86457638E-01  3.52807719E-03 -4.17671517E-01  3.13508282E+01
  6.87791861E-01  3.63872370E-03 -4.28504096E-01  3.18895117E+01
  6.89126084E-01  3.75278011E-03 -4.39599498E-01  3.24337763E+01
  6.90460307E-01  3.87034967E-03 -4.50963496E-01  3.29835426E+01
  6.91794530E-01  3.99153870E-03 -4.62601965E-01  3.35387244E+01
  6.93128753E-01  4.11645669E-03 -4.74520891E-01  3.40992281E+01
  6.94462975E-01  4.24521636E-03 -4.86726365E-01  3.46649525E+01
  6.95797198E-01  4.37793380E-03 -4.99224587E-01  3.52357886E+01
  6.97131421E-01  4.51472854E-03 -5.12021866E-01  3.58116191E+01
  6.98465644E-01  4.65572363E-03 -5.25124625E-01  3.63923183E+01
  6.99799867E-01  4.80104582E-03 -5.38539396E-01  3.69777520E+01
  7.01134089E-01  4.95082557E-03 -5.52272825E-01  3.75677767E+01
  7.02468312E-01  5.10519722E-03 -5.66331671E-01  3.81622396E+01
  7.03802535E-01  5.26429911E-03 -5.80722807E-01  3.87609784E+01
  7.05136758E-01  5.42827363E-03 -5.95453224E-01  3.93638206E+01
  7.06470981E-01  5.59726742E-03 -6.10530025E-01  3.99705835E+01
  7.07805203E-01  5.77143144E-03 -6.25960434E-01  4.05810737E+01
  7.09139426E-01  5.95092111E-03 -6.41751788E-01  4.11950870E+01
  7.10473649E-01  6.13589643E-03 -6.57911545E-01  4.18124076E+01
  7.11807872E-01  6.32652214E-03 -6.74447281E-01  4.24328080E+01
  7.13142095E-01  6.52296784E-03 -6.91366689E-01  4.30560487E+01
  7.14476318E-01  6.72540811E-03 -7.08677584E-01  4.36818779E+01
  7.15810540E-01  6.93402270E-03 -7.26387900E-01  4.43100306E+01
  7.17144763E-01  7.14899664E-03 -7.44505687E-01  4.49402289E+01
  7.18478986E-01  7.37052042E-03 -7.63039120E-01  4.55721812E+01
  7.19813209E-01  7.59879011E-03 -7.81996491E-01  4.62055816E+01
  7.21147432E-01  7.83400757E-03 -8.01386213E-01  4.68401101E+01
  7.22481654E-01  8.07638059E-03 -8.21216816E-01  4.74754317E+01
  7.23815877E-01  8.32612307E-03 -8.41496953E-01  4.81111962E+01
  7.25150100E-01  8.58345518E-03 -8.62235393E-01  4.87470374E+01
  7.26484323E-01  8.84860355E-03 -8.83441025E-01  4.93825731E+01
  7.27818546E-01  9.12180147E-03 -9.05122854E-01  5.00174046E+01
  7.29152769E-01  9.40328907E-03 -9.27290004E-01  5.06511160E+01
  7.30486991E-01  9.69331351E-03 -9.49951714E-01  5.12832738E+01
  7.31821214E-01  9.99212920E-03 -9.73117336E-01  5.19134265E+01
  7.33155437E-01  1.02999980E-02 -9.96796339E-01  5.25411043E+01
  7.34489660E-01  1.06171894E-02 -1.02099830E+00  5.31658182E+01
  7.35823883E-01  1.09439808E-02 -1.04573291E+00  5.37870598E+01
  7.37158105E-01  1.12806578E-02 -1.07100997E+00  5.44043007E+01
  7.38492328E-01  1.16275141E-02 -1.09683939E+00  5.50169922E+01
  7.39826551E-01  1.19848522E-02 -1.12323116E+00  5.56245644E+01
  7.41160774E-01  1.23529834E-02 -1.15019542E+00  5.62264261E+01
  7.42494997E-01  1.27322280E-02 -1.17774236E+00  5.68219639E+01
  7.43829219E-01  1.31229156E-02 -1.20588230E+00  5.74105422E+01
  7.45163442E-01  1.35253857E-02 -1.23462563E+00  5.79915019E+01
  7.46497665E-01  1.39399873E-02 -1.26398286E+00  5.85641606E+01
  7.47831888E-01  1.43670799E-02 -1.29396456E+00  5.91278116E+01
  7.49166111E-01  1.48070331E-02 -1.32458139E+00  5.96817238E+01
  7.50500334E-01  1.52602276E-02 -1.35584410E+00  6.02251407E+01
  7.51834556E-01  1.57270550E-02 -1.38776350E+00  6.07572799E+01
  7.53168779E-01  1.62079183E-02 -1.42035047E+00  6.12773328E+01
  7.54503002E-01  1.67032322E-02 -1.45361597E+00  6.17844642E+01
  7.55837225E-01  1.72134234E-02 -1.48757100E+00  6.22778112E+01
  7.57171448E-01  1.77389311E-02 -1.52222662E+00  6.27564829E+01
  7.58505670E-01  1.82802071E-02 -1.55759395E+00  6.32195602E+01
  7.59839893E-01  1.88377164E-02 -1.59368412E+00  6.36660946E+01
  7.61174116E-01  1.94119375E-02 -1.63050833E+00  6.40951082E+01
  7.62508339E-01  2.00033626E-02 -1.66807777E+00  6.45055931E+01
  7.63842562E-01  2.06124982E-02 -1.70640368E+00  6.48965103E+01
  7.65176785E-01  2.12398656E-02 -1.74549728E+00  6.52667899E+01
  7.66511007E-01  2.18860010E-02 -1.78536981E+00  6.56153303E+01
  7.67845230E-01  2.25514562E-02 -1.82603251E+00  6.59409974E+01
  7.69179453E-01  2.32367989E-02 -1.86749657E+00  6.62426244E+01
  7.70513676E-01  2.39426131E-02 -1.90977317E+00  6.65190114E+01
  7.71847899E-01  2.46694998E-02 -1.95287346E+00  6.67689245E+01
  7.73182121E-01  2.54180773E-02 -1.99680853E+00  6.69910955E+01
  7.74516344E-01  2.61889817E-02 -2.04158939E+00  6.71842217E+01
  7.75850567E-01  2.69828674E-02 -2.08722699E+00  6.73469651E+01
  7.77184790E-01  2.78004078E-02 -2.13373219E+00  6.74779520E+01
  7.78519013E-01  2.86422954E-02 -2.18111575E+00  6.75757726E+01
  7.79853235E-01  2.95092428E-02 -2.22938829E+00  6.76389809E+01
  7.81187458E-01  3.04019833E-02 -2.27856032E+00  6.76660938E+01
  7.82521681E-01  3.13212708E-02 -2.32864219E+00  6.76555911E+01
  7.83855904E-01  3.22678812E-02 -2.37964406E+00  6.76059151E+01
  7.85190127E-01  3.32426127E-02 -2.43157595E+00  6.75154702E+01
  7.86524350E-01  3.42462863E-02 -2.48444762E+00  6.73826227E+01
  7.87858572E-01  3.52797465E-02 -2.53826864E+00  6.72057005E+01
  7.89192795E-01  3.63438621E-02 -2.59304832E+00  6.69829929E+01
  7.90527018E-01  3.74395268E-02 -2.64879572E+00  6.67127507E+01
  7.91861241E-01  3.85676599E-02 -2.70551958E+00  6.63931853E+01
  7.93195464E-01  3.97292069E-02 -2.76322834E+00  6.60224697E+01
  7.94529686E-01  4.09251407E-02 -2.82193010E+00  6.55987372E+01
  7.95863909E-01  4.21564615E-02 -2.88163259E+00  6.51200827E+01
  7.97198132E-01  4.34241987E-02 -2.94234316E+00  6.45845617E+01
  7.98532355E-01  4.47294106E-02 -3.00406871E+00  6.39901909E+01
  7.99866578E-01  4.60731859E-02 -3.06681570E+00  6.33349482E+01
  8.01200801E-01  4.74566446E-02 -3.13059012E+00  6.26167731E+01
  8.02535023E-01  4.88809384E-02 -3.19539743E+00  6.18335668E+01
  8.03869246E-01  5.03472519E-02 -3.26124255E+00  6.09831927E+01
  8.05203469E-01  5.18568036E-02 -3.32812978E+00  6.00634766E+01
  8.06537692E-01  5.34108464E-02 -3.39606285E+00  5.90722075E+01
  8.07871915E-01  5.50106693E-02 -3.46504479E+00  5.80071381E+01
  8.09206137E-01  5.66575977E-02 -3.53507794E+00  5.68659852E+01
  8.10540360E-01  5.83529949E-02 -3.60616389E+00  5.56464310E+01
  8.11874583E-01  6.00982627E-02 -3.67830346E+00  5.43461235E+01
  8.13208806E-01  6.18948431E-02 -3.75149661E+00  5.29626777E+01
  8.14543029E-01  6.37442187E-02 -3.82574244E+00  5.14936766E+01
  8.15877252E-01  6.56479146E-02 -3.90103910E+00  4.99366725E+01
  8.17211474E-01  6.76074988E-02 -3.97738378E+00  4.82891882E+01
  8.18545697E-01  6.96245840E-02 -4.05477262E+00  4.65487185E+01
  8.19879920E-01  7.17008287E-02 -4.13320067E+00  4.47127318E+01
  8.21214143E-01  7.38379382E-02 -4.21266182E+00  4.27786718E+01
  8.22548366E-01  7.60376662E-02 -4.29314878E+00  4.07439595E+01
  8.23882588E-01  7.83018161E-02 -4.37465294E+00  3.86059948E+01
  8.25216811E-01  8.06322423E-02 -4.45716438E+00  3.63621594E+01
  8.26551034E-01  8.30308516E-02 -4.54067177E+00  3.40098186E+01
  8.27885257E-01  8.54996049E-02 -4.62516230E+00  3.15463239E+01
  8.29219480E-01  8.80405183E-02 -4.71062159E+00  2.89690162E+01
  8.30553702E-01  9.06556650E-02 -4.79703366E+00  2.62752281E+01
  8.31887925E-01  9.33471767E-02 -4.88438079E+00  2.34622877E+01
  8.33222148E-01  9.61172451E-02 -4.97264349E+00  2.05275215E+01
  8.34556371E-01  9.89681240E-02 -5.06180037E+00  1.74682581E+01
  8.35890594E-01  1.01902131E-01 -5.15182810E+00  1.42818323E+01
  8.37224817E-01  1.04921647E-01 -5.24270127E+00  1.09655889E+01
  8.38559039E-01  1.08029124E-01 -5.33439232E+00  7.51688755E+00
  8.39893262E-01  1.11227079E-01 -5.42687141E+00  3.93310669E+00
  8.41227485E-01  1.14518101E-01 -5.52010637E+00  2.11649106E-01
  8.42561708E-01  1.17904854E-01 -5.61406254E+00 -3.65005303E+00
  8.43895931E-01  1.21390074E-01 -5.70870269E+00 -7.65453259E+00
  8.45230153E-01  1.24976575E-01 -5.80398688E+00 -1.18042815E+01
  8.46564376E-01  1.28667250E-01 -5.89987236E+00 -1.61017446E+01
  8.47898599E-01  1.32465074E-01 -5.99631341E+00 -2.05493129E+01
  8.49232822E-01  1.36373105E-01 -6.09326127E+00 -2.51493164E+01
  8.50567045E-01  1.40394485E-01 -6.19066395E+00 -2.99040172E+01
  8.51901268E-01  1.44532446E-01 -6.28846612E+00 -3.48156009E+01
  8.53235490E-01  1.48790312E-01 -6.38660893E+00 -3.98861691E+01
  8.54569713E-01  1.53171496E-01 -6.48502990E+00 -4.51177301E+01
  8.55903936E-01  1.57679510E-01 -6.58366276E+00 -5.05121897E+01
  8.57238159E-01  1.62317963E-01 -6.68243725E+00 -5.60713420E+01
  8.58572382E-01  1.67090565E-01 -6.78127899E+00 -6.17968587E+01
  8.59906604E-01  1.72001129E-01 -6.88010930E+00 -6.76902781E+01
  8.61240827E-01  1.77053576E-01 -6.97884499E+00 -7.37529946E+01
  8.62575050E-01  1.82251936E-01 -7.07739822E+00 -7.99862459E+01
  8.63909273E-01  1.87600350E-01 -7.17567626E+00 -8.63911008E+01
  8.65243496E-01  1.93103077E-01 -7.27358132E+00 -9.29684461E+01
  8.66577718E-01  1.98764494E-01 -7.37101034E+00 -9.97189725E+01
  8.67911941E-01  2.04589098E-01 -7.46785476E+00 -1.06643160E+02
  8.69246164E-01  2.10581513E-01 -7.56400029E+00 -1.13741263E+02
  8.70580387E-01  2.16746493E-01 -7.65932670E+00 -1.21013294E+02
  8.71914610E-01  2.23088923E-01 -7.75370759E+00 -1.28459007E+02
  8.73248833E-01  2.29613823E-01 -7.84701010E+00 -1.36077878E+02
  8.74583055E-01  2.36326353E-01 -7.93909469E+00 -1.43869089E+02
  8.75917278E-01  2.43231818E-01 -8.02981484E+00 -1.51831509E+02
  8.77251501E-01  2.50335669E-01 -8.11901682E+00 -1.59963669E+02
  8.78585724E-01  2.57643509E-01 -8.20653937E+00 -1.68263747E+02
  8.79919947E-01  2.65161095E-01 -8.29221340E+00 -1.76729540E+02
  8.81254169E-01  2.72894347E-01 -8.37586173E+00 -1.85358446E+02
  8.82588392E-01  2.80849346E-01 -8.45729869E+00 -1.94147433E+02
  8.83922615E-01  2.89032342E-01 -8.53632990E+00 -2.03093019E+02
  8.85256838E-01  2.97449760E-01 -8.61275184E+00 -2.12191244E+02
  8.86591061E-01  3.06108202E-01 -8.68635154E+00 -2.21437640E+02
  8.87925284E-01  3.15014452E-01 -8.75690622E+00 -2.30827203E+02
  8.89259506E-01  3.24175482E-01 -8.82418289E+00 -2.40354361E+02
  8.90593729E-01  3.33598457E-01 -8.88793798E+00 -2.50012945E+02
  8.91927952E-01  3.43290740E-01 -8.94791695E+00 -2.59796154E+02
  8.93262175E-01  3.53259899E-01 -9.00385384E+00 -2.69696517E+02
  8.94596398E-01  3.63513708E-01 -9.05547087E+00 -2.79705861E+02
  8.95930620E-01  3.74060157E-01 -9.10247797E+00 -2.89815271E+02
  8.97264843E-01  3.84907458E-01 -9.14457236E+00 -3.00015051E+02
  8.98599066E-01  3.96064047E-01 -9.18143801E+00 -3.10294678E+02
  8.99933289E-01  4.07538594E-01 -9.21274522E+00 -3.20642767E+02
  9.01267512E-01  4.19340008E-01 -9.23815005E+00 -3.31047017E+02
  9.02601734E-01  4.31477441E-01 -9.25729384E+00 -3.41494171E+02
  9.03935957E-01  4.43960300E-01 -9.26980264E+00 -3.51969960E+02
  9.05270180E-01  4.56798250E-01 -9.27528665E+00 -3.62459058E+02
  9.06604403E-01  4.70001221E-01 -9.27333966E+00 -3.72945024E+02
  9.07938626E-01  4.83579416E-01 -9.26353840E+00 -3.83410248E+02
  9.09272849E-01  4.97543318E-01 -9.24544199E+00 -3.93835894E+02
  9.10607071E-01  5.11903701E-01 -9.21859124E+00 -4.04201834E+02
  9.11941294E-01  5.26671630E-01 -9.18250800E+00 -4.14486592E+02
  9.13275517E-01  5.41858477E-01 -9.13669450E+00 -4.24667274E+02
  9.14609740E-01  5.57475924E-01 -9.08063261E+00 -4.34719500E+02
  9.15943963E-01  5.73535975E-01 -9.01378313E+00 -4.44617332E+02
  9.17278185E-01  5.90050962E-01 -8.93558501E+00 -4.54333202E+02
  9.18612408E-01  6.07033555E-01 -8.84545460E+00 -4.63837832E+02
  9.19946631E-01  6.24496769E-01 -8.74278482E+00 -4.73100153E+02
  9.21280854E-01  6.42453979E-01 -8.62694434E+00 -4.82087225E+02
  9.22615077E-01  6.60918922E-01 -8.49727670E+00 -4.90764146E+02
  9.23949300E-01  6.79905712E-01 -8.35309943E+00 -4.99093961E+02
  9.25283522E-01  6.99428850E-01 -8.19370315E+00 -5.07037570E+02
  9.26617745E-01  7.19503231E-01 -8.01835059E+00 -5.14553628E+02
  9.27951968E-01  7.40144157E-01 -7.82627562E+00 -5.21598442E+02
  9.29286191E-01  7.61367349E-01 -7.61668226E+00 -5.28125867E+02
  9.30620414E-01  7.83188955E-01 -7.38874360E+00 -5.34087193E+02
  9.31954636E-01  8.05625566E-01 -7.14160074E+00 -5.39431029E+02
  9.33288859E-01  8.28694220E-01 -6.87436167E+00 -5.44103189E+02
  9.34623082E-01  8.52412426E-01 -6.58610012E+00 -5.48046561E+02
  9.35957305E-01  8.76798163E-01 -6.27585437E+00 -5.51200979E+02
  9.37291528E-01  9.01869904E-01 -5.94262605E+00 -5.53503094E+02
  9.38625751E-01  9.27646622E-01 -5.58537881E+00 -5.54886228E+02
  9.39959973E-01  9.54147806E-01 -5.20303708E+00 -5.55280231E+02
  9.41294196E-01  9.81393478E-01 -4.79448468E+00 -5.54611332E+02
  9.42628419E-01  1.00940420E+00 -4.35856344E+00 -5.52801980E+02
  9.43962642E-01  1.03820109E+00 -3.89407177E+00 -5.49770682E+02
  9.45296865E-01  1.06780585E+00 -3.39976316E+00 -5.45431836E+02
  9.46631087E-01  1.09824075E+00 -2.87434466E+00 -5.39695553E+02
  9.47965310E-01  1.12952869E+00 -2.31647529E+00 -5.32467476E+02
  9.49299533E-01  1.16169318E+00 -1.72476442E+00 -5.23648589E+02
  9.50633756E-01  1.19475836E+00 -1.09777007E+00 -5.13135024E+02
  9.51967979E-01  1.22874902E+00 -4.33997196E-01 -5.00817855E+02
  9.53302201E-01  1.26369064E+00  2.68104118E-01 -4.86582888E+02
  9.54636424E-01  1.29960937E+00  1.01014051E+00 -4.70310436E+02
  9.55970647E-01  1.33653209E+00  1.79377723E+00 -4.51875098E+02
  9.57304870E-01  1.37448638E+00  2.62074014E+00 -4.31145521E+02
  9.58639093E-01  1.41350058E+00  3.49281770E+00 -4.07984148E+02
  9.59973316E-01  1.45360380E+00  4.41186313E+00 -3.82246974E+02
  9.61307538E-01  1.49482592E+00  5.37979649E+00 -3.53783271E+02
  9.62641761E-01  1.53719764E+00  6.39860696E+00 -3.22435323E+02
  9.63975984E-01  1.58075048E+00  7.47035513E+00 -2.88038136E+02
  9.65310207E-01  1.62551682E+00  8.59717539E+00 -2.50419145E+02
  9.66644430E-01  1.67152990E+00  9.78127831E+00 -2.09397907E+02
  9.67978652E-01  1.71882385E+00  1.10249532E+01 -1.64785787E+02
  9.69312875E-01  1.76743375E+00  1.23305709E+01 -1.16385626E+02
  9.70647098E-01  1.81739558E+00  1.37005860E+01 -6.39914021E+01
  9.71981321E-01  1.86874634E+00  1.51375400E+01 -7.38787431E+00
  9.73315544E-01  1.92152397E+00  1.66440642E+01  5.36497804E+01
  9.74649767E-01  1.97576746E+00  1.82228822E+01  1.19356349E+02
  9.75983989E-01  2.03151685E+00  1.98768136E+01  1.89976975E+02
  9.77318212E-01  2.08881325E+00  2.16087764E+01  2.65767569E+02
  9.78652435E-01  2.14769887E+00  2.34217909E+01  3.46995228E+02
  9.79986658E-01  2.20821704E+00  2.53189823E+01  4.33938674E+02
  9.81320881E-01  2.27041227E+00  2.73035849E+01  5.26888713E+02
  9.82655103E-01  2.33433027E+00  2.93789452E+01  6.26148698E+02
  9.83989326E-01  2.40001796E+00  3.15485254E+01  7.32035022E+02
  9.85323549E-01  2.46752351E+00  3.38159076E+01  8.44877621E+02
  9.86657772E-01  2.53689639E+00  3.61847974E+01  9.65020497E+02
  9.87991995E-01  2.60818739E+00  3.86590277E+01  1.09282226E+03
  9.89326217E-01  2.68144867E+00  4.12425633E+01  1.22865669E+03
  9.90660440E-01  2.75673377E+00  4.39395048E+01  1.37291331E+03
  9.91994663E-01  2.83409766E+00  4.67540930E+01  1.52599801E+03
  9.93328886E-01  2.91359678E+00  4.96907134E+01  1.68833364E+03
  9.94663109E-01  2.99528909E+00  5.27539011E+01  1.86036068E+03
  9.95997332E-01  3.07923408E+00  5.59483451E+01  2.04253790E+03
  9.97331554E-01  3.16549284E+00  5.92788936E+01  2.23534304E+03
  9.98665777E-01  3.25412807E+00  6.27505591E+01  2.43927356E+03
  1.00000000E+00  3.34520417E+00  6.63685233E+01  2.65484732E+03
